{"/Users/tonyescamilla/seatly/app/+not-found.tsx": {"path":"/Users/tonyescamilla/seatly/app/+not-found.tsx","statementMap":{"0":{"start":{"line":8,"column":2},"end":{"line":18,"column":4}},"1":{"start":{"line":21,"column":15},"end":{"line":32,"column":2}}},"fnMap":{"0":{"name":"NotFoundScreen","decl":{"start":{"line":7,"column":24},"end":{"line":7,"column":38}},"loc":{"start":{"line":7,"column":41},"end":{"line":19,"column":1}},"line":7}},"branchMap":{},"s":{"0":0,"1":0},"f":{"0":0},"b":{}}
,"/Users/tonyescamilla/seatly/app/_layout.tsx": {"path":"/Users/tonyescamilla/seatly/app/_layout.tsx","statementMap":{"0":{"start":{"line":8,"column":22},"end":{"line":8,"column":49}},"1":{"start":{"line":9,"column":16},"end":{"line":9,"column":35}},"2":{"start":{"line":12,"column":2},"end":{"line":12,"column":25}},"3":{"start":{"line":14,"column":2},"end":{"line":42,"column":4}}},"fnMap":{"0":{"name":"Layout","decl":{"start":{"line":7,"column":24},"end":{"line":7,"column":30}},"loc":{"start":{"line":7,"column":33},"end":{"line":43,"column":1}},"line":7}},"branchMap":{"0":{"loc":{"start":{"line":8,"column":22},"end":{"line":8,"column":49}},"type":"binary-expr","locations":[{"start":{"line":8,"column":22},"end":{"line":8,"column":38}},{"start":{"line":8,"column":42},"end":{"line":8,"column":49}}],"line":8}},"s":{"0":0,"1":0,"2":0,"3":0},"f":{"0":0},"b":{"0":[0,0]}}
,"/Users/tonyescamilla/seatly/app/index.tsx": {"path":"/Users/tonyescamilla/seatly/app/index.tsx","statementMap":{"0":{"start":{"line":4,"column":2},"end":{"line":4,"column":35}}},"fnMap":{"0":{"name":"Index","decl":{"start":{"line":3,"column":24},"end":{"line":3,"column":29}},"loc":{"start":{"line":3,"column":32},"end":{"line":5,"column":1}},"line":3}},"branchMap":{},"s":{"0":0},"f":{"0":0},"b":{}}
,"/Users/tonyescamilla/seatly/app/login.disabled.tsx": {"path":"/Users/tonyescamilla/seatly/app/login.disabled.tsx","statementMap":{"0":{"start":{"line":15,"column":13},"end":{"line":15,"column":25}},"1":{"start":{"line":18,"column":17},"end":{"line":18,"column":28}},"2":{"start":{"line":19,"column":28},"end":{"line":19,"column":40}},"3":{"start":{"line":20,"column":34},"end":{"line":20,"column":46}},"4":{"start":{"line":22,"column":22},"end":{"line":36,"column":3}},"5":{"start":{"line":23,"column":4},"end":{"line":26,"column":5}},"6":{"start":{"line":24,"column":6},"end":{"line":24,"column":56}},"7":{"start":{"line":25,"column":6},"end":{"line":25,"column":13}},"8":{"start":{"line":28,"column":4},"end":{"line":35,"column":5}},"9":{"start":{"line":29,"column":6},"end":{"line":29,"column":76}},"10":{"start":{"line":30,"column":5},"end":{"line":30,"column":51}},"11":{"start":{"line":32,"column":6},"end":{"line":32,"column":75}},"12":{"start":{"line":33,"column":0},"end":{"line":33,"column":36}},"13":{"start":{"line":34,"column":6},"end":{"line":34,"column":62}},"14":{"start":{"line":38,"column":2},"end":{"line":63,"column":4}},"15":{"start":{"line":66,"column":15},"end":{"line":85,"column":2}}},"fnMap":{"0":{"name":"LoginScreen","decl":{"start":{"line":17,"column":24},"end":{"line":17,"column":35}},"loc":{"start":{"line":17,"column":38},"end":{"line":64,"column":1}},"line":17},"1":{"name":"(anonymous_1)","decl":{"start":{"line":22,"column":22},"end":{"line":22,"column":23}},"loc":{"start":{"line":22,"column":34},"end":{"line":36,"column":3}},"line":22}},"branchMap":{"0":{"loc":{"start":{"line":23,"column":4},"end":{"line":26,"column":5}},"type":"if","locations":[{"start":{"line":23,"column":4},"end":{"line":26,"column":5}},{"start":{},"end":{}}],"line":23},"1":{"loc":{"start":{"line":23,"column":8},"end":{"line":23,"column":27}},"type":"binary-expr","locations":[{"start":{"line":23,"column":8},"end":{"line":23,"column":14}},{"start":{"line":23,"column":18},"end":{"line":23,"column":27}}],"line":23},"2":{"loc":{"start":{"line":40,"column":16},"end":{"line":40,"column":61}},"type":"cond-expr","locations":[{"start":{"line":40,"column":40},"end":{"line":40,"column":49}},{"start":{"line":40,"column":52},"end":{"line":40,"column":61}}],"line":40}},"s":{"0":0,"1":0,"2":0,"3":0,"4":0,"5":0,"6":0,"7":0,"8":0,"9":0,"10":0,"11":0,"12":0,"13":0,"14":0,"15":0},"f":{"0":0,"1":0},"b":{"0":[0,0],"1":[0,0],"2":[0,0]}}
,"/Users/tonyescamilla/seatly/app/login.tsx": {"path":"/Users/tonyescamilla/seatly/app/login.tsx","statementMap":{"0":{"start":{"line":24,"column":17},"end":{"line":24,"column":28}},"1":{"start":{"line":25,"column":21},"end":{"line":25,"column":36}},"2":{"start":{"line":26,"column":17},"end":{"line":26,"column":39}},"3":{"start":{"line":27,"column":25},"end":{"line":27,"column":31}},"4":{"start":{"line":29,"column":22},"end":{"line":29,"column":49}},"5":{"start":{"line":30,"column":16},"end":{"line":30,"column":35}},"6":{"start":{"line":32,"column":28},"end":{"line":32,"column":40}},"7":{"start":{"line":33,"column":34},"end":{"line":33,"column":46}},"8":{"start":{"line":35,"column":2},"end":{"line":46,"column":26}},"9":{"start":{"line":36,"column":4},"end":{"line":45,"column":7}},"10":{"start":{"line":48,"column":22},"end":{"line":83,"column":3}},"11":{"start":{"line":49,"column":4},"end":{"line":49,"column":65}},"12":{"start":{"line":51,"column":4},"end":{"line":54,"column":5}},"13":{"start":{"line":52,"column":6},"end":{"line":52,"column":68}},"14":{"start":{"line":53,"column":6},"end":{"line":53,"column":13}},"15":{"start":{"line":56,"column":4},"end":{"line":82,"column":5}},"16":{"start":{"line":57,"column":23},"end":{"line":57,"column":78}},"17":{"start":{"line":58,"column":6},"end":{"line":58,"column":57}},"18":{"start":{"line":61,"column":40},"end":{"line":61,"column":44}},"19":{"start":{"line":63,"column":6},"end":{"line":69,"column":7}},"20":{"start":{"line":64,"column":8},"end":{"line":68,"column":9}},"21":{"start":{"line":65,"column":10},"end":{"line":65,"column":56}},"22":{"start":{"line":67,"column":10},"end":{"line":67,"column":36}},"23":{"start":{"line":72,"column":6},"end":{"line":78,"column":7}},"24":{"start":{"line":73,"column":8},"end":{"line":73,"column":56}},"25":{"start":{"line":74,"column":8},"end":{"line":74,"column":37}},"26":{"start":{"line":76,"column":8},"end":{"line":76,"column":57}},"27":{"start":{"line":77,"column":8},"end":{"line":77,"column":42}},"28":{"start":{"line":80,"column":6},"end":{"line":80,"column":48}},"29":{"start":{"line":81,"column":6},"end":{"line":81,"column":76}},"30":{"start":{"line":85,"column":31},"end":{"line":97,"column":3}},"31":{"start":{"line":86,"column":4},"end":{"line":89,"column":5}},"32":{"start":{"line":87,"column":6},"end":{"line":87,"column":94}},"33":{"start":{"line":88,"column":6},"end":{"line":88,"column":13}},"34":{"start":{"line":90,"column":4},"end":{"line":96,"column":5}},"35":{"start":{"line":91,"column":6},"end":{"line":91,"column":48}},"36":{"start":{"line":92,"column":6},"end":{"line":92,"column":100}},"37":{"start":{"line":94,"column":6},"end":{"line":94,"column":54}},"38":{"start":{"line":95,"column":6},"end":{"line":95,"column":42}},"39":{"start":{"line":99,"column":23},"end":{"line":105,"column":3}},"40":{"start":{"line":100,"column":4},"end":{"line":104,"column":5}},"41":{"start":{"line":101,"column":6},"end":{"line":101,"column":76}},"42":{"start":{"line":103,"column":6},"end":{"line":103,"column":31}},"43":{"start":{"line":108,"column":2},"end":{"line":147,"column":3}},"44":{"start":{"line":109,"column":4},"end":{"line":146,"column":6}},"45":{"start":{"line":150,"column":2},"end":{"line":194,"column":4}},"46":{"start":{"line":197,"column":15},"end":{"line":217,"column":2}}},"fnMap":{"0":{"name":"LoginScreen","decl":{"start":{"line":23,"column":24},"end":{"line":23,"column":35}},"loc":{"start":{"line":23,"column":38},"end":{"line":195,"column":1}},"line":23},"1":{"name":"(anonymous_1)","decl":{"start":{"line":35,"column":18},"end":{"line":35,"column":19}},"loc":{"start":{"line":35,"column":24},"end":{"line":46,"column":3}},"line":35},"2":{"name":"(anonymous_2)","decl":{"start":{"line":48,"column":22},"end":{"line":48,"column":23}},"loc":{"start":{"line":48,"column":34},"end":{"line":83,"column":3}},"line":48},"3":{"name":"(anonymous_3)","decl":{"start":{"line":85,"column":31},"end":{"line":85,"column":32}},"loc":{"start":{"line":85,"column":43},"end":{"line":97,"column":3}},"line":85},"4":{"name":"(anonymous_4)","decl":{"start":{"line":99,"column":23},"end":{"line":99,"column":24}},"loc":{"start":{"line":99,"column":29},"end":{"line":105,"column":3}},"line":99}},"branchMap":{"0":{"loc":{"start":{"line":29,"column":22},"end":{"line":29,"column":49}},"type":"binary-expr","locations":[{"start":{"line":29,"column":22},"end":{"line":29,"column":38}},{"start":{"line":29,"column":42},"end":{"line":29,"column":49}}],"line":29},"1":{"loc":{"start":{"line":51,"column":4},"end":{"line":54,"column":5}},"type":"if","locations":[{"start":{"line":51,"column":4},"end":{"line":54,"column":5}},{"start":{},"end":{}}],"line":51},"2":{"loc":{"start":{"line":51,"column":8},"end":{"line":51,"column":27}},"type":"binary-expr","locations":[{"start":{"line":51,"column":8},"end":{"line":51,"column":14}},{"start":{"line":51,"column":18},"end":{"line":51,"column":27}}],"line":51},"3":{"loc":{"start":{"line":63,"column":6},"end":{"line":69,"column":7}},"type":"if","locations":[{"start":{"line":63,"column":6},"end":{"line":69,"column":7}},{"start":{},"end":{}}],"line":63},"4":{"loc":{"start":{"line":63,"column":10},"end":{"line":63,"column":68}},"type":"binary-expr","locations":[{"start":{"line":63,"column":10},"end":{"line":63,"column":40}},{"start":{"line":63,"column":44},"end":{"line":63,"column":68}}],"line":63},"5":{"loc":{"start":{"line":72,"column":6},"end":{"line":78,"column":7}},"type":"if","locations":[{"start":{"line":72,"column":6},"end":{"line":78,"column":7}},{"start":{"line":75,"column":13},"end":{"line":78,"column":7}}],"line":72},"6":{"loc":{"start":{"line":86,"column":4},"end":{"line":89,"column":5}},"type":"if","locations":[{"start":{"line":86,"column":4},"end":{"line":89,"column":5}},{"start":{},"end":{}}],"line":86},"7":{"loc":{"start":{"line":100,"column":4},"end":{"line":104,"column":5}},"type":"if","locations":[{"start":{"line":100,"column":4},"end":{"line":104,"column":5}},{"start":{"line":102,"column":11},"end":{"line":104,"column":5}}],"line":100},"8":{"loc":{"start":{"line":100,"column":8},"end":{"line":100,"column":66}},"type":"binary-expr","locations":[{"start":{"line":100,"column":8},"end":{"line":100,"column":38}},{"start":{"line":100,"column":42},"end":{"line":100,"column":66}}],"line":100},"9":{"loc":{"start":{"line":108,"column":2},"end":{"line":147,"column":3}},"type":"if","locations":[{"start":{"line":108,"column":2},"end":{"line":147,"column":3}},{"start":{},"end":{}}],"line":108},"10":{"loc":{"start":{"line":153,"column":16},"end":{"line":153,"column":61}},"type":"cond-expr","locations":[{"start":{"line":153,"column":40},"end":{"line":153,"column":49}},{"start":{"line":153,"column":52},"end":{"line":153,"column":61}}],"line":153}},"s":{"0":0,"1":0,"2":0,"3":0,"4":0,"5":0,"6":0,"7":0,"8":0,"9":0,"10":0,"11":0,"12":0,"13":0,"14":0,"15":0,"16":0,"17":0,"18":0,"19":0,"20":0,"21":0,"22":0,"23":0,"24":0,"25":0,"26":0,"27":0,"28":0,"29":0,"30":0,"31":0,"32":0,"33":0,"34":0,"35":0,"36":0,"37":0,"38":0,"39":0,"40":0,"41":0,"42":0,"43":0,"44":0,"45":0,"46":0},"f":{"0":0,"1":0,"2":0,"3":0,"4":0},"b":{"0":[0,0],"1":[0,0],"2":[0,0],"3":[0,0],"4":[0,0],"5":[0,0],"6":[0,0],"7":[0,0],"8":[0,0],"9":[0,0],"10":[0,0]}}
,"/Users/tonyescamilla/seatly/app/register.tsx": {"path":"/Users/tonyescamilla/seatly/app/register.tsx","statementMap":{"0":{"start":{"line":23,"column":13},"end":{"line":23,"column":25}},"1":{"start":{"line":24,"column":11},"end":{"line":24,"column":28}},"2":{"start":{"line":27,"column":17},"end":{"line":27,"column":28}},"3":{"start":{"line":28,"column":17},"end":{"line":28,"column":39}},"4":{"start":{"line":29,"column":25},"end":{"line":29,"column":31}},"5":{"start":{"line":31,"column":22},"end":{"line":31,"column":49}},"6":{"start":{"line":32,"column":16},"end":{"line":32,"column":35}},"7":{"start":{"line":34,"column":26},"end":{"line":34,"column":38}},"8":{"start":{"line":35,"column":34},"end":{"line":35,"column":46}},"9":{"start":{"line":36,"column":28},"end":{"line":36,"column":40}},"10":{"start":{"line":37,"column":28},"end":{"line":37,"column":40}},"11":{"start":{"line":38,"column":34},"end":{"line":38,"column":46}},"12":{"start":{"line":39,"column":44},"end":{"line":39,"column":59}},"13":{"start":{"line":41,"column":25},"end":{"line":92,"column":3}},"14":{"start":{"line":42,"column":4},"end":{"line":44,"column":5}},"15":{"start":{"line":43,"column":6},"end":{"line":43,"column":86}},"16":{"start":{"line":46,"column":4},"end":{"line":48,"column":5}},"17":{"start":{"line":47,"column":6},"end":{"line":47,"column":93}},"18":{"start":{"line":50,"column":4},"end":{"line":55,"column":5}},"19":{"start":{"line":51,"column":6},"end":{"line":54,"column":8}},"20":{"start":{"line":57,"column":4},"end":{"line":91,"column":5}},"21":{"start":{"line":58,"column":29},"end":{"line":58,"column":88}},"22":{"start":{"line":59,"column":21},"end":{"line":59,"column":44}},"23":{"start":{"line":61,"column":6},"end":{"line":63,"column":9}},"24":{"start":{"line":65,"column":6},"end":{"line":71,"column":9}},"25":{"start":{"line":73,"column":40},"end":{"line":73,"column":44}},"26":{"start":{"line":74,"column":6},"end":{"line":80,"column":7}},"27":{"start":{"line":75,"column":8},"end":{"line":79,"column":9}},"28":{"start":{"line":76,"column":10},"end":{"line":76,"column":56}},"29":{"start":{"line":78,"column":10},"end":{"line":78,"column":36}},"30":{"start":{"line":82,"column":6},"end":{"line":87,"column":7}},"31":{"start":{"line":83,"column":8},"end":{"line":83,"column":70}},"32":{"start":{"line":84,"column":8},"end":{"line":84,"column":37}},"33":{"start":{"line":86,"column":8},"end":{"line":86,"column":42}},"34":{"start":{"line":89,"column":6},"end":{"line":89,"column":52}},"35":{"start":{"line":90,"column":6},"end":{"line":90,"column":42}},"36":{"start":{"line":94,"column":26},"end":{"line":100,"column":3}},"37":{"start":{"line":95,"column":4},"end":{"line":99,"column":5}},"38":{"start":{"line":96,"column":6},"end":{"line":96,"column":73}},"39":{"start":{"line":98,"column":6},"end":{"line":98,"column":28}},"40":{"start":{"line":102,"column":20},"end":{"line":102,"column":78}},"41":{"start":{"line":102,"column":26},"end":{"line":102,"column":78}},"42":{"start":{"line":103,"column":22},"end":{"line":103,"column":82}},"43":{"start":{"line":103,"column":28},"end":{"line":103,"column":82}},"44":{"start":{"line":105,"column":2},"end":{"line":162,"column":4}},"45":{"start":{"line":165,"column":15},"end":{"line":194,"column":2}}},"fnMap":{"0":{"name":"RegisterScreen","decl":{"start":{"line":26,"column":24},"end":{"line":26,"column":38}},"loc":{"start":{"line":26,"column":41},"end":{"line":163,"column":1}},"line":26},"1":{"name":"(anonymous_1)","decl":{"start":{"line":41,"column":25},"end":{"line":41,"column":26}},"loc":{"start":{"line":41,"column":37},"end":{"line":92,"column":3}},"line":41},"2":{"name":"(anonymous_2)","decl":{"start":{"line":94,"column":26},"end":{"line":94,"column":27}},"loc":{"start":{"line":94,"column":32},"end":{"line":100,"column":3}},"line":94},"3":{"name":"(anonymous_3)","decl":{"start":{"line":102,"column":20},"end":{"line":102,"column":21}},"loc":{"start":{"line":102,"column":26},"end":{"line":102,"column":78}},"line":102},"4":{"name":"(anonymous_4)","decl":{"start":{"line":103,"column":22},"end":{"line":103,"column":23}},"loc":{"start":{"line":103,"column":28},"end":{"line":103,"column":82}},"line":103}},"branchMap":{"0":{"loc":{"start":{"line":31,"column":22},"end":{"line":31,"column":49}},"type":"binary-expr","locations":[{"start":{"line":31,"column":22},"end":{"line":31,"column":38}},{"start":{"line":31,"column":42},"end":{"line":31,"column":49}}],"line":31},"1":{"loc":{"start":{"line":42,"column":4},"end":{"line":44,"column":5}},"type":"if","locations":[{"start":{"line":42,"column":4},"end":{"line":44,"column":5}},{"start":{},"end":{}}],"line":42},"2":{"loc":{"start":{"line":42,"column":8},"end":{"line":42,"column":59}},"type":"binary-expr","locations":[{"start":{"line":42,"column":8},"end":{"line":42,"column":13}},{"start":{"line":42,"column":17},"end":{"line":42,"column":26}},{"start":{"line":42,"column":30},"end":{"line":42,"column":36}},{"start":{"line":42,"column":40},"end":{"line":42,"column":46}},{"start":{"line":42,"column":50},"end":{"line":42,"column":59}}],"line":42},"3":{"loc":{"start":{"line":46,"column":4},"end":{"line":48,"column":5}},"type":"if","locations":[{"start":{"line":46,"column":4},"end":{"line":48,"column":5}},{"start":{},"end":{}}],"line":46},"4":{"loc":{"start":{"line":50,"column":4},"end":{"line":55,"column":5}},"type":"if","locations":[{"start":{"line":50,"column":4},"end":{"line":55,"column":5}},{"start":{},"end":{}}],"line":50},"5":{"loc":{"start":{"line":74,"column":6},"end":{"line":80,"column":7}},"type":"if","locations":[{"start":{"line":74,"column":6},"end":{"line":80,"column":7}},{"start":{},"end":{}}],"line":74},"6":{"loc":{"start":{"line":74,"column":10},"end":{"line":74,"column":68}},"type":"binary-expr","locations":[{"start":{"line":74,"column":10},"end":{"line":74,"column":40}},{"start":{"line":74,"column":44},"end":{"line":74,"column":68}}],"line":74},"7":{"loc":{"start":{"line":82,"column":6},"end":{"line":87,"column":7}},"type":"if","locations":[{"start":{"line":82,"column":6},"end":{"line":87,"column":7}},{"start":{"line":85,"column":13},"end":{"line":87,"column":7}}],"line":82},"8":{"loc":{"start":{"line":95,"column":4},"end":{"line":99,"column":5}},"type":"if","locations":[{"start":{"line":95,"column":4},"end":{"line":99,"column":5}},{"start":{"line":97,"column":11},"end":{"line":99,"column":5}}],"line":95},"9":{"loc":{"start":{"line":95,"column":8},"end":{"line":95,"column":66}},"type":"binary-expr","locations":[{"start":{"line":95,"column":8},"end":{"line":95,"column":38}},{"start":{"line":95,"column":42},"end":{"line":95,"column":66}}],"line":95},"10":{"loc":{"start":{"line":108,"column":16},"end":{"line":108,"column":61}},"type":"cond-expr","locations":[{"start":{"line":108,"column":40},"end":{"line":108,"column":49}},{"start":{"line":108,"column":52},"end":{"line":108,"column":61}}],"line":108},"11":{"loc":{"start":{"line":141,"column":19},"end":{"line":141,"column":57}},"type":"cond-expr","locations":[{"start":{"line":141,"column":35},"end":{"line":141,"column":45}},{"start":{"line":141,"column":48},"end":{"line":141,"column":57}}],"line":141}},"s":{"0":0,"1":0,"2":0,"3":0,"4":0,"5":0,"6":0,"7":0,"8":0,"9":0,"10":0,"11":0,"12":0,"13":0,"14":0,"15":0,"16":0,"17":0,"18":0,"19":0,"20":0,"21":0,"22":0,"23":0,"24":0,"25":0,"26":0,"27":0,"28":0,"29":0,"30":0,"31":0,"32":0,"33":0,"34":0,"35":0,"36":0,"37":0,"38":0,"39":0,"40":0,"41":0,"42":0,"43":0,"44":0,"45":0},"f":{"0":0,"1":0,"2":0,"3":0,"4":0},"b":{"0":[0,0],"1":[0,0],"2":[0,0,0,0,0],"3":[0,0],"4":[0,0],"5":[0,0],"6":[0,0],"7":[0,0],"8":[0,0],"9":[0,0],"10":[0,0],"11":[0,0]}}
,"/Users/tonyescamilla/seatly/app/reservationSuccess.tsx": {"path":"/Users/tonyescamilla/seatly/app/reservationSuccess.tsx","statementMap":{"0":{"start":{"line":5,"column":48},"end":{"line":5,"column":70}},"1":{"start":{"line":7,"column":2},"end":{"line":19,"column":4}},"2":{"start":{"line":22,"column":15},"end":{"line":46,"column":2}}},"fnMap":{"0":{"name":"ReservationSuccess","decl":{"start":{"line":4,"column":24},"end":{"line":4,"column":42}},"loc":{"start":{"line":4,"column":45},"end":{"line":20,"column":1}},"line":4}},"branchMap":{},"s":{"0":0,"1":0,"2":0},"f":{"0":0},"b":{}}
,"/Users/tonyescamilla/seatly/app/bar/[barId].tsx": {"path":"/Users/tonyescamilla/seatly/app/bar/[barId].tsx","statementMap":{"0":{"start":{"line":19,"column":29},"end":{"line":19,"column":51}},"1":{"start":{"line":20,"column":17},"end":{"line":20,"column":28}},"2":{"start":{"line":21,"column":21},"end":{"line":21,"column":36}},"3":{"start":{"line":22,"column":22},"end":{"line":22,"column":38}},"4":{"start":{"line":23,"column":16},"end":{"line":23,"column":46}},"5":{"start":{"line":25,"column":24},"end":{"line":25,"column":43}},"6":{"start":{"line":26,"column":32},"end":{"line":26,"column":46}},"7":{"start":{"line":28,"column":2},"end":{"line":41,"column":14}},"8":{"start":{"line":29,"column":4},"end":{"line":29,"column":23}},"9":{"start":{"line":29,"column":16},"end":{"line":29,"column":23}},"10":{"start":{"line":31,"column":21},"end":{"line":38,"column":5}},"11":{"start":{"line":32,"column":18},"end":{"line":32,"column":48}},"12":{"start":{"line":33,"column":19},"end":{"line":33,"column":36}},"13":{"start":{"line":34,"column":6},"end":{"line":36,"column":7}},"14":{"start":{"line":35,"column":8},"end":{"line":35,"column":28}},"15":{"start":{"line":37,"column":6},"end":{"line":37,"column":24}},"16":{"start":{"line":40,"column":4},"end":{"line":40,"column":15}},"17":{"start":{"line":43,"column":2},"end":{"line":59,"column":26}},"18":{"start":{"line":44,"column":4},"end":{"line":58,"column":7}},"19":{"start":{"line":61,"column":2},"end":{"line":67,"column":3}},"20":{"start":{"line":62,"column":4},"end":{"line":66,"column":6}},"21":{"start":{"line":69,"column":2},"end":{"line":76,"column":3}},"22":{"start":{"line":70,"column":4},"end":{"line":75,"column":6}},"23":{"start":{"line":73,"column":37},"end":{"line":73,"column":50}},"24":{"start":{"line":78,"column":2},"end":{"line":128,"column":4}},"25":{"start":{"line":97,"column":14},"end":{"line":102,"column":16}},"26":{"start":{"line":119,"column":12},"end":{"line":119,"column":74}},"27":{"start":{"line":126,"column":35},"end":{"line":126,"column":48}},"28":{"start":{"line":131,"column":15},"end":{"line":170,"column":2}}},"fnMap":{"0":{"name":"BarDetailScreen","decl":{"start":{"line":18,"column":24},"end":{"line":18,"column":39}},"loc":{"start":{"line":18,"column":42},"end":{"line":129,"column":1}},"line":18},"1":{"name":"(anonymous_1)","decl":{"start":{"line":28,"column":12},"end":{"line":28,"column":13}},"loc":{"start":{"line":28,"column":18},"end":{"line":41,"column":3}},"line":28},"2":{"name":"(anonymous_2)","decl":{"start":{"line":31,"column":21},"end":{"line":31,"column":22}},"loc":{"start":{"line":31,"column":33},"end":{"line":38,"column":5}},"line":31},"3":{"name":"(anonymous_3)","decl":{"start":{"line":43,"column":18},"end":{"line":43,"column":19}},"loc":{"start":{"line":43,"column":24},"end":{"line":59,"column":3}},"line":43},"4":{"name":"(anonymous_4)","decl":{"start":{"line":73,"column":31},"end":{"line":73,"column":32}},"loc":{"start":{"line":73,"column":37},"end":{"line":73,"column":50}},"line":73},"5":{"name":"(anonymous_5)","decl":{"start":{"line":96,"column":28},"end":{"line":96,"column":29}},"loc":{"start":{"line":97,"column":14},"end":{"line":102,"column":16}},"line":97},"6":{"name":"(anonymous_6)","decl":{"start":{"line":118,"column":19},"end":{"line":118,"column":20}},"loc":{"start":{"line":119,"column":12},"end":{"line":119,"column":74}},"line":119},"7":{"name":"(anonymous_7)","decl":{"start":{"line":126,"column":29},"end":{"line":126,"column":30}},"loc":{"start":{"line":126,"column":35},"end":{"line":126,"column":48}},"line":126}},"branchMap":{"0":{"loc":{"start":{"line":23,"column":23},"end":{"line":23,"column":45}},"type":"binary-expr","locations":[{"start":{"line":23,"column":23},"end":{"line":23,"column":34}},{"start":{"line":23,"column":38},"end":{"line":23,"column":45}}],"line":23},"1":{"loc":{"start":{"line":29,"column":4},"end":{"line":29,"column":23}},"type":"if","locations":[{"start":{"line":29,"column":4},"end":{"line":29,"column":23}},{"start":{},"end":{}}],"line":29},"2":{"loc":{"start":{"line":34,"column":6},"end":{"line":36,"column":7}},"type":"if","locations":[{"start":{"line":34,"column":6},"end":{"line":36,"column":7}},{"start":{},"end":{}}],"line":34},"3":{"loc":{"start":{"line":61,"column":2},"end":{"line":67,"column":3}},"type":"if","locations":[{"start":{"line":61,"column":2},"end":{"line":67,"column":3}},{"start":{},"end":{}}],"line":61},"4":{"loc":{"start":{"line":69,"column":2},"end":{"line":76,"column":3}},"type":"if","locations":[{"start":{"line":69,"column":2},"end":{"line":76,"column":3}},{"start":{},"end":{}}],"line":69},"5":{"loc":{"start":{"line":85,"column":7},"end":{"line":90,"column":7}},"type":"binary-expr","locations":[{"start":{"line":85,"column":7},"end":{"line":85,"column":16}},{"start":{"line":86,"column":8},"end":{"line":89,"column":15}}],"line":85},"6":{"loc":{"start":{"line":92,"column":7},"end":{"line":106,"column":7}},"type":"binary-expr","locations":[{"start":{"line":92,"column":7},"end":{"line":92,"column":29}},{"start":{"line":93,"column":8},"end":{"line":105,"column":15}}],"line":92},"7":{"loc":{"start":{"line":108,"column":7},"end":{"line":113,"column":7}},"type":"binary-expr","locations":[{"start":{"line":108,"column":7},"end":{"line":108,"column":19}},{"start":{"line":109,"column":8},"end":{"line":112,"column":15}}],"line":108},"8":{"loc":{"start":{"line":116,"column":7},"end":{"line":124,"column":7}},"type":"binary-expr","locations":[{"start":{"line":116,"column":7},"end":{"line":116,"column":14}},{"start":{"line":117,"column":8},"end":{"line":123,"column":23}}],"line":116}},"s":{"0":0,"1":0,"2":0,"3":0,"4":0,"5":0,"6":0,"7":0,"8":0,"9":0,"10":0,"11":0,"12":0,"13":0,"14":0,"15":0,"16":0,"17":0,"18":0,"19":0,"20":0,"21":0,"22":0,"23":0,"24":0,"25":0,"26":0,"27":0,"28":0},"f":{"0":0,"1":0,"2":0,"3":0,"4":0,"5":0,"6":0,"7":0},"b":{"0":[0,0],"1":[0,0],"2":[0,0],"3":[0,0],"4":[0,0],"5":[0,0],"6":[0,0],"7":[0,0],"8":[0,0]}}
,"/Users/tonyescamilla/seatly/app/payment/confirmed.tsx": {"path":"/Users/tonyescamilla/seatly/app/payment/confirmed.tsx","statementMap":{"0":{"start":{"line":9,"column":17},"end":{"line":9,"column":28}},"1":{"start":{"line":10,"column":53},"end":{"line":10,"column":75}},"2":{"start":{"line":12,"column":2},"end":{"line":30,"column":4}},"3":{"start":{"line":25,"column":35},"end":{"line":25,"column":70}},"4":{"start":{"line":33,"column":15},"end":{"line":55,"column":2}}},"fnMap":{"0":{"name":"PaymentConfirmed","decl":{"start":{"line":8,"column":24},"end":{"line":8,"column":40}},"loc":{"start":{"line":8,"column":43},"end":{"line":31,"column":1}},"line":8},"1":{"name":"(anonymous_1)","decl":{"start":{"line":25,"column":29},"end":{"line":25,"column":30}},"loc":{"start":{"line":25,"column":35},"end":{"line":25,"column":70}},"line":25}},"branchMap":{"0":{"loc":{"start":{"line":21,"column":7},"end":{"line":23,"column":7}},"type":"binary-expr","locations":[{"start":{"line":21,"column":7},"end":{"line":21,"column":16}},{"start":{"line":22,"column":8},"end":{"line":22,"column":72}}],"line":21}},"s":{"0":0,"1":0,"2":0,"3":0,"4":0},"f":{"0":0,"1":0},"b":{"0":[0,0]}}
,"/Users/tonyescamilla/seatly/app/payment/failure.tsx": {"path":"/Users/tonyescamilla/seatly/app/payment/failure.tsx","statementMap":{"0":{"start":{"line":8,"column":17},"end":{"line":8,"column":28}},"1":{"start":{"line":10,"column":2},"end":{"line":16,"column":9}},"2":{"start":{"line":11,"column":4},"end":{"line":15,"column":6}},"3":{"start":{"line":14,"column":36},"end":{"line":14,"column":62}},"4":{"start":{"line":18,"column":2},"end":{"line":18,"column":14}}},"fnMap":{"0":{"name":"PaymentFailure","decl":{"start":{"line":7,"column":24},"end":{"line":7,"column":38}},"loc":{"start":{"line":7,"column":41},"end":{"line":19,"column":1}},"line":7},"1":{"name":"(anonymous_1)","decl":{"start":{"line":10,"column":12},"end":{"line":10,"column":13}},"loc":{"start":{"line":10,"column":18},"end":{"line":16,"column":3}},"line":10},"2":{"name":"(anonymous_2)","decl":{"start":{"line":14,"column":30},"end":{"line":14,"column":31}},"loc":{"start":{"line":14,"column":36},"end":{"line":14,"column":62}},"line":14}},"branchMap":{},"s":{"0":0,"1":0,"2":0,"3":0,"4":0},"f":{"0":0,"1":0,"2":0},"b":{}}
,"/Users/tonyescamilla/seatly/app/payment/pending.tsx": {"path":"/Users/tonyescamilla/seatly/app/payment/pending.tsx","statementMap":{"0":{"start":{"line":8,"column":17},"end":{"line":8,"column":28}},"1":{"start":{"line":10,"column":2},"end":{"line":16,"column":9}},"2":{"start":{"line":11,"column":4},"end":{"line":15,"column":6}},"3":{"start":{"line":14,"column":36},"end":{"line":14,"column":69}},"4":{"start":{"line":18,"column":2},"end":{"line":18,"column":14}}},"fnMap":{"0":{"name":"PaymentPending","decl":{"start":{"line":7,"column":24},"end":{"line":7,"column":38}},"loc":{"start":{"line":7,"column":41},"end":{"line":19,"column":1}},"line":7},"1":{"name":"(anonymous_1)","decl":{"start":{"line":10,"column":12},"end":{"line":10,"column":13}},"loc":{"start":{"line":10,"column":18},"end":{"line":16,"column":3}},"line":10},"2":{"name":"(anonymous_2)","decl":{"start":{"line":14,"column":30},"end":{"line":14,"column":31}},"loc":{"start":{"line":14,"column":36},"end":{"line":14,"column":69}},"line":14}},"branchMap":{},"s":{"0":0,"1":0,"2":0,"3":0,"4":0},"f":{"0":0,"1":0,"2":0},"b":{}}
,"/Users/tonyescamilla/seatly/app/payment/success.tsx": {"path":"/Users/tonyescamilla/seatly/app/payment/success.tsx","statementMap":{"0":{"start":{"line":19,"column":11},"end":{"line":19,"column":28}},"1":{"start":{"line":20,"column":13},"end":{"line":20,"column":25}},"2":{"start":{"line":23,"column":27},"end":{"line":23,"column":56}},"3":{"start":{"line":26,"column":17},"end":{"line":26,"column":28}},"4":{"start":{"line":28,"column":4},"end":{"line":28,"column":26}},"5":{"start":{"line":30,"column":2},"end":{"line":213,"column":9}},"6":{"start":{"line":31,"column":24},"end":{"line":210,"column":6}},"7":{"start":{"line":32,"column":6},"end":{"line":35,"column":7}},"8":{"start":{"line":33,"column":8},"end":{"line":33,"column":55}},"9":{"start":{"line":34,"column":8},"end":{"line":34,"column":15}},"10":{"start":{"line":37,"column":6},"end":{"line":209,"column":7}},"11":{"start":{"line":39,"column":33},"end":{"line":39,"column":67}},"12":{"start":{"line":43,"column":10},"end":{"line":44,"column":77}},"13":{"start":{"line":46,"column":8},"end":{"line":49,"column":9}},"14":{"start":{"line":47,"column":10},"end":{"line":47,"column":76}},"15":{"start":{"line":48,"column":10},"end":{"line":48,"column":17}},"16":{"start":{"line":52,"column":26},"end":{"line":56,"column":9}},"17":{"start":{"line":57,"column":27},"end":{"line":57,"column":49}},"18":{"start":{"line":58,"column":8},"end":{"line":62,"column":9}},"19":{"start":{"line":59,"column":10},"end":{"line":61,"column":12}},"20":{"start":{"line":64,"column":8},"end":{"line":72,"column":9}},"21":{"start":{"line":65,"column":10},"end":{"line":65,"column":73}},"22":{"start":{"line":66,"column":10},"end":{"line":70,"column":12}},"23":{"start":{"line":71,"column":10},"end":{"line":71,"column":17}},"24":{"start":{"line":75,"column":8},"end":{"line":77,"column":9}},"25":{"start":{"line":76,"column":10},"end":{"line":76,"column":69}},"26":{"start":{"line":79,"column":8},"end":{"line":81,"column":9}},"27":{"start":{"line":80,"column":10},"end":{"line":80,"column":65}},"28":{"start":{"line":84,"column":23},"end":{"line":84,"column":66}},"29":{"start":{"line":85,"column":24},"end":{"line":85,"column":44}},"30":{"start":{"line":86,"column":8},"end":{"line":86,"column":72}},"31":{"start":{"line":86,"column":31},"end":{"line":86,"column":72}},"32":{"start":{"line":88,"column":24},"end":{"line":88,"column":45}},"33":{"start":{"line":91,"column":8},"end":{"line":100,"column":9}},"34":{"start":{"line":92,"column":10},"end":{"line":98,"column":12}},"35":{"start":{"line":99,"column":10},"end":{"line":99,"column":17}},"36":{"start":{"line":102,"column":64},"end":{"line":102,"column":71}},"37":{"start":{"line":103,"column":28},"end":{"line":103,"column":47}},"38":{"start":{"line":104,"column":8},"end":{"line":106,"column":9}},"39":{"start":{"line":105,"column":10},"end":{"line":105,"column":78}},"40":{"start":{"line":109,"column":26},"end":{"line":109,"column":77}},"41":{"start":{"line":110,"column":8},"end":{"line":110,"column":74}},"42":{"start":{"line":110,"column":33},"end":{"line":110,"column":74}},"43":{"start":{"line":111,"column":26},"end":{"line":111,"column":49}},"44":{"start":{"line":112,"column":30},"end":{"line":112,"column":59}},"45":{"start":{"line":113,"column":26},"end":{"line":113,"column":75}},"46":{"start":{"line":113,"column":57},"end":{"line":113,"column":74}},"47":{"start":{"line":115,"column":8},"end":{"line":117,"column":9}},"48":{"start":{"line":116,"column":10},"end":{"line":116,"column":81}},"49":{"start":{"line":119,"column":42},"end":{"line":119,"column":60}},"50":{"start":{"line":122,"column":27},"end":{"line":122,"column":81}},"51":{"start":{"line":123,"column":26},"end":{"line":127,"column":11}},"52":{"start":{"line":123,"column":54},"end":{"line":127,"column":9}},"53":{"start":{"line":130,"column":32},"end":{"line":132,"column":9}},"54":{"start":{"line":131,"column":17},"end":{"line":131,"column":74}},"55":{"start":{"line":135,"column":32},"end":{"line":142,"column":9}},"56":{"start":{"line":144,"column":28},"end":{"line":149,"column":9}},"57":{"start":{"line":146,"column":25},"end":{"line":146,"column":40}},"58":{"start":{"line":147,"column":12},"end":{"line":147,"column":69}},"59":{"start":{"line":151,"column":27},"end":{"line":153,"column":50}},"60":{"start":{"line":152,"column":25},"end":{"line":152,"column":47}},"61":{"start":{"line":153,"column":26},"end":{"line":153,"column":49}},"62":{"start":{"line":155,"column":8},"end":{"line":157,"column":9}},"63":{"start":{"line":156,"column":10},"end":{"line":156,"column":54}},"64":{"start":{"line":160,"column":28},"end":{"line":162,"column":53}},"65":{"start":{"line":161,"column":25},"end":{"line":161,"column":50}},"66":{"start":{"line":162,"column":26},"end":{"line":162,"column":49}},"67":{"start":{"line":164,"column":8},"end":{"line":170,"column":9}},"68":{"start":{"line":165,"column":10},"end":{"line":168,"column":12}},"69":{"start":{"line":169,"column":10},"end":{"line":169,"column":17}},"70":{"start":{"line":172,"column":25},"end":{"line":172,"column":41}},"71":{"start":{"line":175,"column":8},"end":{"line":181,"column":11}},"72":{"start":{"line":184,"column":33},"end":{"line":184,"column":35}},"73":{"start":{"line":185,"column":24},"end":{"line":185,"column":80}},"74":{"start":{"line":186,"column":8},"end":{"line":195,"column":9}},"75":{"start":{"line":187,"column":10},"end":{"line":194,"column":13}},"76":{"start":{"line":198,"column":8},"end":{"line":205,"column":10}},"77":{"start":{"line":207,"column":8},"end":{"line":207,"column":60}},"78":{"start":{"line":208,"column":8},"end":{"line":208,"column":64}},"79":{"start":{"line":212,"column":4},"end":{"line":212,"column":23}},"80":{"start":{"line":215,"column":2},"end":{"line":215,"column":14}}},"fnMap":{"0":{"name":"PaymentSuccess","decl":{"start":{"line":25,"column":24},"end":{"line":25,"column":38}},"loc":{"start":{"line":25,"column":41},"end":{"line":216,"column":1}},"line":25},"1":{"name":"(anonymous_1)","decl":{"start":{"line":30,"column":12},"end":{"line":30,"column":13}},"loc":{"start":{"line":30,"column":18},"end":{"line":213,"column":3}},"line":30},"2":{"name":"(anonymous_2)","decl":{"start":{"line":31,"column":49},"end":{"line":31,"column":50}},"loc":{"start":{"line":31,"column":65},"end":{"line":210,"column":5}},"line":31},"3":{"name":"(anonymous_3)","decl":{"start":{"line":113,"column":45},"end":{"line":113,"column":46}},"loc":{"start":{"line":113,"column":57},"end":{"line":113,"column":74}},"line":113},"4":{"name":"(anonymous_4)","decl":{"start":{"line":123,"column":46},"end":{"line":123,"column":47}},"loc":{"start":{"line":123,"column":54},"end":{"line":127,"column":9}},"line":123},"5":{"name":"(anonymous_5)","decl":{"start":{"line":131,"column":10},"end":{"line":131,"column":11}},"loc":{"start":{"line":131,"column":17},"end":{"line":131,"column":74}},"line":131},"6":{"name":"(anonymous_6)","decl":{"start":{"line":145,"column":39},"end":{"line":145,"column":40}},"loc":{"start":{"line":145,"column":46},"end":{"line":148,"column":11}},"line":145},"7":{"name":"(anonymous_7)","decl":{"start":{"line":152,"column":18},"end":{"line":152,"column":19}},"loc":{"start":{"line":152,"column":25},"end":{"line":152,"column":47}},"line":152},"8":{"name":"(anonymous_8)","decl":{"start":{"line":153,"column":16},"end":{"line":153,"column":17}},"loc":{"start":{"line":153,"column":26},"end":{"line":153,"column":49}},"line":153},"9":{"name":"(anonymous_9)","decl":{"start":{"line":161,"column":18},"end":{"line":161,"column":19}},"loc":{"start":{"line":161,"column":25},"end":{"line":161,"column":50}},"line":161},"10":{"name":"(anonymous_10)","decl":{"start":{"line":162,"column":16},"end":{"line":162,"column":17}},"loc":{"start":{"line":162,"column":26},"end":{"line":162,"column":49}},"line":162}},"branchMap":{"0":{"loc":{"start":{"line":32,"column":6},"end":{"line":35,"column":7}},"type":"if","locations":[{"start":{"line":32,"column":6},"end":{"line":35,"column":7}},{"start":{},"end":{}}],"line":32},"1":{"loc":{"start":{"line":39,"column":40},"end":{"line":39,"column":66}},"type":"binary-expr","locations":[{"start":{"line":39,"column":40},"end":{"line":39,"column":53}},{"start":{"line":39,"column":57},"end":{"line":39,"column":60}},{"start":{"line":39,"column":64},"end":{"line":39,"column":66}}],"line":39},"2":{"loc":{"start":{"line":43,"column":10},"end":{"line":44,"column":77}},"type":"binary-expr","locations":[{"start":{"line":43,"column":11},"end":{"line":43,"column":31}},{"start":{"line":44,"column":11},"end":{"line":44,"column":76}}],"line":43},"3":{"loc":{"start":{"line":44,"column":11},"end":{"line":44,"column":76}},"type":"cond-expr","locations":[{"start":{"line":44,"column":47},"end":{"line":44,"column":70}},{"start":{"line":44,"column":74},"end":{"line":44,"column":76}}],"line":44},"4":{"loc":{"start":{"line":46,"column":8},"end":{"line":49,"column":9}},"type":"if","locations":[{"start":{"line":46,"column":8},"end":{"line":49,"column":9}},{"start":{},"end":{}}],"line":46},"5":{"loc":{"start":{"line":58,"column":8},"end":{"line":62,"column":9}},"type":"if","locations":[{"start":{"line":58,"column":8},"end":{"line":62,"column":9}},{"start":{},"end":{}}],"line":58},"6":{"loc":{"start":{"line":64,"column":8},"end":{"line":72,"column":9}},"type":"if","locations":[{"start":{"line":64,"column":8},"end":{"line":72,"column":9}},{"start":{},"end":{}}],"line":64},"7":{"loc":{"start":{"line":68,"column":14},"end":{"line":68,"column":45}},"type":"binary-expr","locations":[{"start":{"line":68,"column":14},"end":{"line":68,"column":32}},{"start":{"line":68,"column":36},"end":{"line":68,"column":45}}],"line":68},"8":{"loc":{"start":{"line":75,"column":8},"end":{"line":77,"column":9}},"type":"if","locations":[{"start":{"line":75,"column":8},"end":{"line":77,"column":9}},{"start":{},"end":{}}],"line":75},"9":{"loc":{"start":{"line":75,"column":12},"end":{"line":75,"column":64}},"type":"binary-expr","locations":[{"start":{"line":75,"column":12},"end":{"line":75,"column":31}},{"start":{"line":75,"column":35},"end":{"line":75,"column":64}}],"line":75},"10":{"loc":{"start":{"line":79,"column":8},"end":{"line":81,"column":9}},"type":"if","locations":[{"start":{"line":79,"column":8},"end":{"line":81,"column":9}},{"start":{},"end":{}}],"line":79},"11":{"loc":{"start":{"line":86,"column":8},"end":{"line":86,"column":72}},"type":"if","locations":[{"start":{"line":86,"column":8},"end":{"line":86,"column":72}},{"start":{},"end":{}}],"line":86},"12":{"loc":{"start":{"line":91,"column":8},"end":{"line":100,"column":9}},"type":"if","locations":[{"start":{"line":91,"column":8},"end":{"line":100,"column":9}},{"start":{},"end":{}}],"line":91},"13":{"loc":{"start":{"line":91,"column":12},"end":{"line":91,"column":67}},"type":"binary-expr","locations":[{"start":{"line":91,"column":12},"end":{"line":91,"column":42}},{"start":{"line":91,"column":46},"end":{"line":91,"column":67}}],"line":91},"14":{"loc":{"start":{"line":94,"column":14},"end":{"line":94,"column":35}},"type":"binary-expr","locations":[{"start":{"line":94,"column":14},"end":{"line":94,"column":29}},{"start":{"line":94,"column":33},"end":{"line":94,"column":35}}],"line":94},"15":{"loc":{"start":{"line":96,"column":48},"end":{"line":96,"column":72}},"type":"binary-expr","locations":[{"start":{"line":96,"column":48},"end":{"line":96,"column":66}},{"start":{"line":96,"column":70},"end":{"line":96,"column":72}}],"line":96},"16":{"loc":{"start":{"line":97,"column":51},"end":{"line":97,"column":70}},"type":"binary-expr","locations":[{"start":{"line":97,"column":51},"end":{"line":97,"column":65}},{"start":{"line":97,"column":69},"end":{"line":97,"column":70}}],"line":97},"17":{"loc":{"start":{"line":103,"column":35},"end":{"line":103,"column":46}},"type":"binary-expr","locations":[{"start":{"line":103,"column":35},"end":{"line":103,"column":41}},{"start":{"line":103,"column":45},"end":{"line":103,"column":46}}],"line":103},"18":{"loc":{"start":{"line":104,"column":8},"end":{"line":106,"column":9}},"type":"if","locations":[{"start":{"line":104,"column":8},"end":{"line":106,"column":9}},{"start":{},"end":{}}],"line":104},"19":{"loc":{"start":{"line":104,"column":12},"end":{"line":104,"column":46}},"type":"binary-expr","locations":[{"start":{"line":104,"column":12},"end":{"line":104,"column":18}},{"start":{"line":104,"column":22},"end":{"line":104,"column":30}},{"start":{"line":104,"column":34},"end":{"line":104,"column":46}}],"line":104},"20":{"loc":{"start":{"line":110,"column":8},"end":{"line":110,"column":74}},"type":"if","locations":[{"start":{"line":110,"column":8},"end":{"line":110,"column":74}},{"start":{},"end":{}}],"line":110},"21":{"loc":{"start":{"line":112,"column":30},"end":{"line":112,"column":59}},"type":"binary-expr","locations":[{"start":{"line":112,"column":30},"end":{"line":112,"column":53}},{"start":{"line":112,"column":57},"end":{"line":112,"column":59}}],"line":112},"22":{"loc":{"start":{"line":115,"column":8},"end":{"line":117,"column":9}},"type":"if","locations":[{"start":{"line":115,"column":8},"end":{"line":117,"column":9}},{"start":{},"end":{}}],"line":115},"23":{"loc":{"start":{"line":115,"column":12},"end":{"line":115,"column":60}},"type":"binary-expr","locations":[{"start":{"line":115,"column":12},"end":{"line":115,"column":22}},{"start":{"line":115,"column":26},"end":{"line":115,"column":60}}],"line":115},"24":{"loc":{"start":{"line":125,"column":27},"end":{"line":125,"column":49}},"type":"binary-expr","locations":[{"start":{"line":125,"column":27},"end":{"line":125,"column":44}},{"start":{"line":125,"column":48},"end":{"line":125,"column":49}}],"line":125},"25":{"loc":{"start":{"line":126,"column":18},"end":{"line":126,"column":45}},"type":"binary-expr","locations":[{"start":{"line":126,"column":18},"end":{"line":126,"column":33}},{"start":{"line":126,"column":37},"end":{"line":126,"column":45}}],"line":126},"26":{"loc":{"start":{"line":131,"column":17},"end":{"line":131,"column":74}},"type":"binary-expr","locations":[{"start":{"line":131,"column":17},"end":{"line":131,"column":47}},{"start":{"line":131,"column":51},"end":{"line":131,"column":74}}],"line":131},"27":{"loc":{"start":{"line":147,"column":19},"end":{"line":147,"column":68}},"type":"cond-expr","locations":[{"start":{"line":147,"column":50},"end":{"line":147,"column":63}},{"start":{"line":147,"column":66},"end":{"line":147,"column":68}}],"line":147},"28":{"loc":{"start":{"line":155,"column":8},"end":{"line":157,"column":9}},"type":"if","locations":[{"start":{"line":155,"column":8},"end":{"line":157,"column":9}},{"start":{},"end":{}}],"line":155},"29":{"loc":{"start":{"line":164,"column":8},"end":{"line":170,"column":9}},"type":"if","locations":[{"start":{"line":164,"column":8},"end":{"line":170,"column":9}},{"start":{},"end":{}}],"line":164},"30":{"loc":{"start":{"line":185,"column":24},"end":{"line":185,"column":80}},"type":"binary-expr","locations":[{"start":{"line":185,"column":24},"end":{"line":185,"column":51}},{"start":{"line":185,"column":55},"end":{"line":185,"column":80}}],"line":185},"31":{"loc":{"start":{"line":186,"column":8},"end":{"line":195,"column":9}},"type":"if","locations":[{"start":{"line":186,"column":8},"end":{"line":195,"column":9}},{"start":{},"end":{}}],"line":186},"32":{"loc":{"start":{"line":186,"column":12},"end":{"line":186,"column":64}},"type":"binary-expr","locations":[{"start":{"line":186,"column":12},"end":{"line":186,"column":35}},{"start":{"line":186,"column":39},"end":{"line":186,"column":64}}],"line":186},"33":{"loc":{"start":{"line":199,"column":59},"end":{"line":199,"column":72}},"type":"binary-expr","locations":[{"start":{"line":199,"column":59},"end":{"line":199,"column":66}},{"start":{"line":199,"column":70},"end":{"line":199,"column":72}}],"line":199},"34":{"loc":{"start":{"line":200,"column":46},"end":{"line":200,"column":62}},"type":"binary-expr","locations":[{"start":{"line":200,"column":46},"end":{"line":200,"column":56}},{"start":{"line":200,"column":60},"end":{"line":200,"column":62}}],"line":200},"35":{"loc":{"start":{"line":202,"column":13},"end":{"line":204,"column":18}},"type":"cond-expr","locations":[{"start":{"line":203,"column":16},"end":{"line":203,"column":70}},{"start":{"line":204,"column":16},"end":{"line":204,"column":18}}],"line":202}},"s":{"0":0,"1":0,"2":0,"3":0,"4":0,"5":0,"6":0,"7":0,"8":0,"9":0,"10":0,"11":0,"12":0,"13":0,"14":0,"15":0,"16":0,"17":0,"18":0,"19":0,"20":0,"21":0,"22":0,"23":0,"24":0,"25":0,"26":0,"27":0,"28":0,"29":0,"30":0,"31":0,"32":0,"33":0,"34":0,"35":0,"36":0,"37":0,"38":0,"39":0,"40":0,"41":0,"42":0,"43":0,"44":0,"45":0,"46":0,"47":0,"48":0,"49":0,"50":0,"51":0,"52":0,"53":0,"54":0,"55":0,"56":0,"57":0,"58":0,"59":0,"60":0,"61":0,"62":0,"63":0,"64":0,"65":0,"66":0,"67":0,"68":0,"69":0,"70":0,"71":0,"72":0,"73":0,"74":0,"75":0,"76":0,"77":0,"78":0,"79":0,"80":0},"f":{"0":0,"1":0,"2":0,"3":0,"4":0,"5":0,"6":0,"7":0,"8":0,"9":0,"10":0},"b":{"0":[0,0],"1":[0,0,0],"2":[0,0],"3":[0,0],"4":[0,0],"5":[0,0],"6":[0,0],"7":[0,0],"8":[0,0],"9":[0,0],"10":[0,0],"11":[0,0],"12":[0,0],"13":[0,0],"14":[0,0],"15":[0,0],"16":[0,0],"17":[0,0],"18":[0,0],"19":[0,0,0],"20":[0,0],"21":[0,0],"22":[0,0],"23":[0,0],"24":[0,0],"25":[0,0],"26":[0,0],"27":[0,0],"28":[0,0],"29":[0,0],"30":[0,0],"31":[0,0],"32":[0,0],"33":[0,0],"34":[0,0],"35":[0,0]}}
,"/Users/tonyescamilla/seatly/app/payment/webview.tsx": {"path":"/Users/tonyescamilla/seatly/app/payment/webview.tsx","statementMap":{"0":{"start":{"line":8,"column":11},"end":{"line":8,"column":28}},"1":{"start":{"line":24,"column":6},"end":{"line":37,"column":6}},"2":{"start":{"line":39,"column":17},"end":{"line":39,"column":28}},"3":{"start":{"line":40,"column":32},"end":{"line":40,"column":46}},"4":{"start":{"line":42,"column":30},"end":{"line":71,"column":116}},"5":{"start":{"line":43,"column":4},"end":{"line":43,"column":31}},"6":{"start":{"line":43,"column":24},"end":{"line":43,"column":31}},"7":{"start":{"line":45,"column":4},"end":{"line":70,"column":5}},"8":{"start":{"line":46,"column":18},"end":{"line":46,"column":64}},"9":{"start":{"line":47,"column":6},"end":{"line":66,"column":9}},"10":{"start":{"line":68,"column":6},"end":{"line":68,"column":64}},"11":{"start":{"line":69,"column":6},"end":{"line":69,"column":16}},"12":{"start":{"line":73,"column":28},"end":{"line":102,"column":3}},"13":{"start":{"line":75,"column":26},"end":{"line":75,"column":40}},"14":{"start":{"line":77,"column":6},"end":{"line":88,"column":7}},"15":{"start":{"line":78,"column":8},"end":{"line":86,"column":13}},"16":{"start":{"line":79,"column":10},"end":{"line":85,"column":11}},"17":{"start":{"line":80,"column":12},"end":{"line":80,"column":40}},"18":{"start":{"line":81,"column":12},"end":{"line":81,"column":113}},"19":{"start":{"line":83,"column":12},"end":{"line":83,"column":108}},"20":{"start":{"line":84,"column":12},"end":{"line":84,"column":46}},"21":{"start":{"line":87,"column":8},"end":{"line":87,"column":21}},"22":{"start":{"line":90,"column":6},"end":{"line":93,"column":7}},"23":{"start":{"line":91,"column":8},"end":{"line":91,"column":43}},"24":{"start":{"line":92,"column":8},"end":{"line":92,"column":21}},"25":{"start":{"line":94,"column":6},"end":{"line":97,"column":7}},"26":{"start":{"line":95,"column":8},"end":{"line":95,"column":43}},"27":{"start":{"line":96,"column":8},"end":{"line":96,"column":21}},"28":{"start":{"line":99,"column":6},"end":{"line":99,"column":18}},"29":{"start":{"line":104,"column":26},"end":{"line":109,"column":3}},"30":{"start":{"line":106,"column":6},"end":{"line":106,"column":34}},"31":{"start":{"line":111,"column":2},"end":{"line":111,"column":63}},"32":{"start":{"line":111,"column":51},"end":{"line":111,"column":63}},"33":{"start":{"line":114,"column":2},"end":{"line":123,"column":3}},"34":{"start":{"line":115,"column":4},"end":{"line":122,"column":6}},"35":{"start":{"line":120,"column":58},"end":{"line":120,"column":99}},"36":{"start":{"line":126,"column":2},"end":{"line":139,"column":4}},"37":{"start":{"line":133,"column":25},"end":{"line":133,"column":42}}},"fnMap":{"0":{"name":"PaymentWebView","decl":{"start":{"line":10,"column":24},"end":{"line":10,"column":38}},"loc":{"start":{"line":10,"column":41},"end":{"line":140,"column":1}},"line":10},"1":{"name":"(anonymous_1)","decl":{"start":{"line":42,"column":42},"end":{"line":42,"column":43}},"loc":{"start":{"line":42,"column":54},"end":{"line":71,"column":3}},"line":42},"2":{"name":"(anonymous_2)","decl":{"start":{"line":74,"column":4},"end":{"line":74,"column":5}},"loc":{"start":{"line":74,"column":27},"end":{"line":100,"column":5}},"line":74},"3":{"name":"(anonymous_3)","decl":{"start":{"line":78,"column":9},"end":{"line":78,"column":10}},"loc":{"start":{"line":78,"column":21},"end":{"line":86,"column":9}},"line":78},"4":{"name":"(anonymous_4)","decl":{"start":{"line":105,"column":4},"end":{"line":105,"column":5}},"loc":{"start":{"line":105,"column":23},"end":{"line":107,"column":5}},"line":105},"5":{"name":"(anonymous_5)","decl":{"start":{"line":120,"column":50},"end":{"line":120,"column":51}},"loc":{"start":{"line":120,"column":56},"end":{"line":120,"column":101}},"line":120},"6":{"name":"(anonymous_6)","decl":{"start":{"line":133,"column":19},"end":{"line":133,"column":20}},"loc":{"start":{"line":133,"column":25},"end":{"line":133,"column":42}},"line":133}},"branchMap":{"0":{"loc":{"start":{"line":43,"column":4},"end":{"line":43,"column":31}},"type":"if","locations":[{"start":{"line":43,"column":4},"end":{"line":43,"column":31}},{"start":{},"end":{}}],"line":43},"1":{"loc":{"start":{"line":51,"column":19},"end":{"line":51,"column":34}},"type":"binary-expr","locations":[{"start":{"line":51,"column":19},"end":{"line":51,"column":28}},{"start":{"line":51,"column":32},"end":{"line":51,"column":34}}],"line":51},"2":{"loc":{"start":{"line":52,"column":14},"end":{"line":52,"column":24}},"type":"binary-expr","locations":[{"start":{"line":52,"column":14},"end":{"line":52,"column":18}},{"start":{"line":52,"column":22},"end":{"line":52,"column":24}}],"line":52},"3":{"loc":{"start":{"line":53,"column":15},"end":{"line":53,"column":26}},"type":"binary-expr","locations":[{"start":{"line":53,"column":15},"end":{"line":53,"column":20}},{"start":{"line":53,"column":24},"end":{"line":53,"column":26}}],"line":53},"4":{"loc":{"start":{"line":55,"column":17},"end":{"line":55,"column":30}},"type":"binary-expr","locations":[{"start":{"line":55,"column":17},"end":{"line":55,"column":24}},{"start":{"line":55,"column":28},"end":{"line":55,"column":30}}],"line":55},"5":{"loc":{"start":{"line":57,"column":20},"end":{"line":57,"column":36}},"type":"binary-expr","locations":[{"start":{"line":57,"column":20},"end":{"line":57,"column":30}},{"start":{"line":57,"column":34},"end":{"line":57,"column":36}}],"line":57},"6":{"loc":{"start":{"line":65,"column":18},"end":{"line":65,"column":64}},"type":"cond-expr","locations":[{"start":{"line":65,"column":29},"end":{"line":65,"column":59}},{"start":{"line":65,"column":62},"end":{"line":65,"column":64}}],"line":65},"7":{"loc":{"start":{"line":75,"column":26},"end":{"line":75,"column":40}},"type":"binary-expr","locations":[{"start":{"line":75,"column":26},"end":{"line":75,"column":34}},{"start":{"line":75,"column":38},"end":{"line":75,"column":40}}],"line":75},"8":{"loc":{"start":{"line":77,"column":6},"end":{"line":88,"column":7}},"type":"if","locations":[{"start":{"line":77,"column":6},"end":{"line":88,"column":7}},{"start":{},"end":{}}],"line":77},"9":{"loc":{"start":{"line":77,"column":10},"end":{"line":77,"column":88}},"type":"binary-expr","locations":[{"start":{"line":77,"column":10},"end":{"line":77,"column":52}},{"start":{"line":77,"column":56},"end":{"line":77,"column":88}}],"line":77},"10":{"loc":{"start":{"line":90,"column":6},"end":{"line":93,"column":7}},"type":"if","locations":[{"start":{"line":90,"column":6},"end":{"line":93,"column":7}},{"start":{},"end":{}}],"line":90},"11":{"loc":{"start":{"line":90,"column":10},"end":{"line":90,"column":88}},"type":"binary-expr","locations":[{"start":{"line":90,"column":10},"end":{"line":90,"column":42}},{"start":{"line":90,"column":46},"end":{"line":90,"column":88}}],"line":90},"12":{"loc":{"start":{"line":94,"column":6},"end":{"line":97,"column":7}},"type":"if","locations":[{"start":{"line":94,"column":6},"end":{"line":97,"column":7}},{"start":{},"end":{}}],"line":94},"13":{"loc":{"start":{"line":94,"column":10},"end":{"line":94,"column":88}},"type":"binary-expr","locations":[{"start":{"line":94,"column":10},"end":{"line":94,"column":42}},{"start":{"line":94,"column":46},"end":{"line":94,"column":88}}],"line":94},"14":{"loc":{"start":{"line":111,"column":2},"end":{"line":111,"column":63}},"type":"if","locations":[{"start":{"line":111,"column":2},"end":{"line":111,"column":63}},{"start":{},"end":{}}],"line":111},"15":{"loc":{"start":{"line":111,"column":6},"end":{"line":111,"column":49}},"type":"binary-expr","locations":[{"start":{"line":111,"column":6},"end":{"line":111,"column":16}},{"start":{"line":111,"column":20},"end":{"line":111,"column":49}}],"line":111},"16":{"loc":{"start":{"line":114,"column":2},"end":{"line":123,"column":3}},"type":"if","locations":[{"start":{"line":114,"column":2},"end":{"line":123,"column":3}},{"start":{},"end":{}}],"line":114},"17":{"loc":{"start":{"line":128,"column":7},"end":{"line":130,"column":7}},"type":"binary-expr","locations":[{"start":{"line":128,"column":7},"end":{"line":128,"column":14}},{"start":{"line":129,"column":8},"end":{"line":129,"column":119}}],"line":128}},"s":{"0":0,"1":0,"2":0,"3":0,"4":0,"5":0,"6":0,"7":0,"8":0,"9":0,"10":0,"11":0,"12":0,"13":0,"14":0,"15":0,"16":0,"17":0,"18":0,"19":0,"20":0,"21":0,"22":0,"23":0,"24":0,"25":0,"26":0,"27":0,"28":0,"29":0,"30":0,"31":0,"32":0,"33":0,"34":0,"35":0,"36":0,"37":0},"f":{"0":0,"1":0,"2":0,"3":0,"4":0,"5":0,"6":0},"b":{"0":[0,0],"1":[0,0],"2":[0,0],"3":[0,0],"4":[0,0],"5":[0,0],"6":[0,0],"7":[0,0],"8":[0,0],"9":[0,0],"10":[0,0],"11":[0,0],"12":[0,0],"13":[0,0],"14":[0,0],"15":[0,0],"16":[0,0],"17":[0,0]}}
,"/Users/tonyescamilla/seatly/app/tabs/_layout.tsx": {"path":"/Users/tonyescamilla/seatly/app/tabs/_layout.tsx","statementMap":{"0":{"start":{"line":12,"column":0},"end":{"line":12,"column":36}},"1":{"start":{"line":15,"column":22},"end":{"line":15,"column":49}},"2":{"start":{"line":16,"column":16},"end":{"line":16,"column":35}},"3":{"start":{"line":18,"column":24},"end":{"line":22,"column":4}},"4":{"start":{"line":24,"column":27},"end":{"line":28,"column":19}},"5":{"start":{"line":25,"column":4},"end":{"line":27,"column":5}},"6":{"start":{"line":26,"column":6},"end":{"line":26,"column":37}},"7":{"start":{"line":30,"column":2},"end":{"line":30,"column":32}},"8":{"start":{"line":30,"column":20},"end":{"line":30,"column":32}},"9":{"start":{"line":32,"column":2},"end":{"line":74,"column":4}},"10":{"start":{"line":40,"column":12},"end":{"line":40,"column":78}},"11":{"start":{"line":54,"column":14},"end":{"line":54,"column":70}},"12":{"start":{"line":64,"column":14},"end":{"line":64,"column":71}}},"fnMap":{"0":{"name":"TabLayout","decl":{"start":{"line":14,"column":24},"end":{"line":14,"column":33}},"loc":{"start":{"line":14,"column":36},"end":{"line":75,"column":1}},"line":14},"1":{"name":"(anonymous_1)","decl":{"start":{"line":24,"column":39},"end":{"line":24,"column":40}},"loc":{"start":{"line":24,"column":51},"end":{"line":28,"column":3}},"line":24},"2":{"name":"(anonymous_2)","decl":{"start":{"line":39,"column":28},"end":{"line":39,"column":29}},"loc":{"start":{"line":40,"column":12},"end":{"line":40,"column":78}},"line":40},"3":{"name":"(anonymous_3)","decl":{"start":{"line":53,"column":24},"end":{"line":53,"column":25}},"loc":{"start":{"line":54,"column":14},"end":{"line":54,"column":70}},"line":54},"4":{"name":"(anonymous_4)","decl":{"start":{"line":63,"column":24},"end":{"line":63,"column":25}},"loc":{"start":{"line":64,"column":14},"end":{"line":64,"column":71}},"line":64}},"branchMap":{"0":{"loc":{"start":{"line":15,"column":22},"end":{"line":15,"column":49}},"type":"binary-expr","locations":[{"start":{"line":15,"column":22},"end":{"line":15,"column":38}},{"start":{"line":15,"column":42},"end":{"line":15,"column":49}}],"line":15},"1":{"loc":{"start":{"line":25,"column":4},"end":{"line":27,"column":5}},"type":"if","locations":[{"start":{"line":25,"column":4},"end":{"line":27,"column":5}},{"start":{},"end":{}}],"line":25},"2":{"loc":{"start":{"line":30,"column":2},"end":{"line":30,"column":32}},"type":"if","locations":[{"start":{"line":30,"column":2},"end":{"line":30,"column":32}},{"start":{},"end":{}}],"line":30}},"s":{"0":0,"1":0,"2":0,"3":0,"4":0,"5":0,"6":0,"7":0,"8":0,"9":0,"10":0,"11":0,"12":0},"f":{"0":0,"1":0,"2":0,"3":0,"4":0},"b":{"0":[0,0],"1":[0,0],"2":[0,0]}}
,"/Users/tonyescamilla/seatly/app/tabs/faq.tsx": {"path":"/Users/tonyescamilla/seatly/app/tabs/faq.tsx","statementMap":{"0":{"start":{"line":16,"column":11},"end":{"line":16,"column":28}},"1":{"start":{"line":19,"column":22},"end":{"line":19,"column":49}},"2":{"start":{"line":20,"column":16},"end":{"line":20,"column":35}},"3":{"start":{"line":21,"column":26},"end":{"line":21,"column":45}},"4":{"start":{"line":22,"column":32},"end":{"line":22,"column":46}},"5":{"start":{"line":23,"column":36},"end":{"line":23,"column":65}},"6":{"start":{"line":25,"column":2},"end":{"line":43,"column":9}},"7":{"start":{"line":26,"column":22},"end":{"line":40,"column":5}},"8":{"start":{"line":27,"column":6},"end":{"line":39,"column":7}},"9":{"start":{"line":28,"column":18},"end":{"line":28,"column":72}},"10":{"start":{"line":29,"column":25},"end":{"line":29,"column":41}},"11":{"start":{"line":30,"column":22},"end":{"line":33,"column":20}},"12":{"start":{"line":30,"column":50},"end":{"line":33,"column":9}},"13":{"start":{"line":34,"column":8},"end":{"line":34,"column":23}},"14":{"start":{"line":36,"column":8},"end":{"line":36,"column":55}},"15":{"start":{"line":38,"column":8},"end":{"line":38,"column":26}},"16":{"start":{"line":42,"column":4},"end":{"line":42,"column":16}},"17":{"start":{"line":45,"column":2},"end":{"line":52,"column":3}},"18":{"start":{"line":46,"column":4},"end":{"line":51,"column":6}},"19":{"start":{"line":54,"column":2},"end":{"line":84,"column":4}},"20":{"start":{"line":62,"column":10},"end":{"line":78,"column":17}},"21":{"start":{"line":64,"column":29},"end":{"line":64,"column":77}},"22":{"start":{"line":87,"column":15},"end":{"line":126,"column":2}}},"fnMap":{"0":{"name":"FAQScreen","decl":{"start":{"line":18,"column":24},"end":{"line":18,"column":33}},"loc":{"start":{"line":18,"column":36},"end":{"line":85,"column":1}},"line":18},"1":{"name":"(anonymous_1)","decl":{"start":{"line":25,"column":12},"end":{"line":25,"column":13}},"loc":{"start":{"line":25,"column":18},"end":{"line":43,"column":3}},"line":25},"2":{"name":"(anonymous_2)","decl":{"start":{"line":26,"column":22},"end":{"line":26,"column":23}},"loc":{"start":{"line":26,"column":34},"end":{"line":40,"column":5}},"line":26},"3":{"name":"(anonymous_3)","decl":{"start":{"line":30,"column":40},"end":{"line":30,"column":41}},"loc":{"start":{"line":30,"column":50},"end":{"line":33,"column":9}},"line":30},"4":{"name":"(anonymous_4)","decl":{"start":{"line":61,"column":17},"end":{"line":61,"column":18}},"loc":{"start":{"line":62,"column":10},"end":{"line":78,"column":17}},"line":62},"5":{"name":"(anonymous_5)","decl":{"start":{"line":64,"column":23},"end":{"line":64,"column":24}},"loc":{"start":{"line":64,"column":29},"end":{"line":64,"column":77}},"line":64}},"branchMap":{"0":{"loc":{"start":{"line":19,"column":22},"end":{"line":19,"column":49}},"type":"binary-expr","locations":[{"start":{"line":19,"column":22},"end":{"line":19,"column":38}},{"start":{"line":19,"column":42},"end":{"line":19,"column":49}}],"line":19},"1":{"loc":{"start":{"line":45,"column":2},"end":{"line":52,"column":3}},"type":"if","locations":[{"start":{"line":45,"column":2},"end":{"line":52,"column":3}},{"start":{},"end":{}}],"line":45},"2":{"loc":{"start":{"line":58,"column":7},"end":{"line":80,"column":7}},"type":"cond-expr","locations":[{"start":{"line":59,"column":8},"end":{"line":59,"column":89}},{"start":{"line":61,"column":8},"end":{"line":79,"column":10}}],"line":58},"3":{"loc":{"start":{"line":64,"column":42},"end":{"line":64,"column":76}},"type":"cond-expr","locations":[{"start":{"line":64,"column":64},"end":{"line":64,"column":68}},{"start":{"line":64,"column":71},"end":{"line":64,"column":76}}],"line":64},"4":{"loc":{"start":{"line":69,"column":22},"end":{"line":69,"column":73}},"type":"cond-expr","locations":[{"start":{"line":69,"column":44},"end":{"line":69,"column":56}},{"start":{"line":69,"column":59},"end":{"line":69,"column":73}}],"line":69},"5":{"loc":{"start":{"line":75,"column":13},"end":{"line":77,"column":13}},"type":"binary-expr","locations":[{"start":{"line":75,"column":13},"end":{"line":75,"column":32}},{"start":{"line":76,"column":14},"end":{"line":76,"column":95}}],"line":75}},"s":{"0":0,"1":0,"2":0,"3":0,"4":0,"5":0,"6":0,"7":0,"8":0,"9":0,"10":0,"11":0,"12":0,"13":0,"14":0,"15":0,"16":0,"17":0,"18":0,"19":0,"20":0,"21":0,"22":0},"f":{"0":0,"1":0,"2":0,"3":0,"4":0,"5":0},"b":{"0":[0,0],"1":[0,0],"2":[0,0],"3":[0,0],"4":[0,0],"5":[0,0]}}
,"/Users/tonyescamilla/seatly/app/tabs/index.tsx": {"path":"/Users/tonyescamilla/seatly/app/tabs/index.tsx","statementMap":{"0":{"start":{"line":31,"column":11},"end":{"line":31,"column":28}},"1":{"start":{"line":44,"column":22},"end":{"line":44,"column":38}},"2":{"start":{"line":45,"column":16},"end":{"line":45,"column":46}},"3":{"start":{"line":46,"column":17},"end":{"line":46,"column":28}},"4":{"start":{"line":48,"column":30},"end":{"line":48,"column":42}},"5":{"start":{"line":49,"column":40},"end":{"line":49,"column":69}},"6":{"start":{"line":50,"column":42},"end":{"line":50,"column":71}},"7":{"start":{"line":51,"column":38},"end":{"line":51,"column":67}},"8":{"start":{"line":52,"column":54},"end":{"line":52,"column":83}},"9":{"start":{"line":54,"column":44},"end":{"line":54,"column":63}},"10":{"start":{"line":55,"column":32},"end":{"line":55,"column":51}},"11":{"start":{"line":56,"column":26},"end":{"line":56,"column":45}},"12":{"start":{"line":57,"column":32},"end":{"line":57,"column":47}},"13":{"start":{"line":58,"column":42},"end":{"line":58,"column":61}},"14":{"start":{"line":59,"column":40},"end":{"line":59,"column":66}},"15":{"start":{"line":61,"column":20},"end":{"line":97,"column":3}},"16":{"start":{"line":62,"column":4},"end":{"line":96,"column":5}},"17":{"start":{"line":63,"column":6},"end":{"line":63,"column":23}},"18":{"start":{"line":65,"column":27},"end":{"line":65,"column":83}},"19":{"start":{"line":66,"column":26},"end":{"line":66,"column":53}},"20":{"start":{"line":67,"column":18},"end":{"line":67,"column":28}},"21":{"start":{"line":69,"column":26},"end":{"line":82,"column":10}},"22":{"start":{"line":71,"column":23},"end":{"line":76,"column":11}},"23":{"start":{"line":77,"column":10},"end":{"line":77,"column":41}},"24":{"start":{"line":80,"column":28},"end":{"line":80,"column":50}},"25":{"start":{"line":81,"column":10},"end":{"line":81,"column":63}},"26":{"start":{"line":84,"column":6},"end":{"line":84,"column":30}},"27":{"start":{"line":86,"column":23},"end":{"line":86,"column":60}},"28":{"start":{"line":87,"column":23},"end":{"line":90,"column":9}},"29":{"start":{"line":87,"column":51},"end":{"line":90,"column":7}},"30":{"start":{"line":91,"column":6},"end":{"line":91,"column":24}},"31":{"start":{"line":93,"column":6},"end":{"line":93,"column":65}},"32":{"start":{"line":95,"column":6},"end":{"line":95,"column":24}},"33":{"start":{"line":99,"column":2},"end":{"line":101,"column":9}},"34":{"start":{"line":100,"column":4},"end":{"line":100,"column":16}},"35":{"start":{"line":103,"column":2},"end":{"line":122,"column":28}},"36":{"start":{"line":104,"column":18},"end":{"line":104,"column":22}},"37":{"start":{"line":105,"column":23},"end":{"line":117,"column":5}},"38":{"start":{"line":106,"column":6},"end":{"line":109,"column":7}},"39":{"start":{"line":107,"column":8},"end":{"line":107,"column":41}},"40":{"start":{"line":107,"column":21},"end":{"line":107,"column":41}},"41":{"start":{"line":108,"column":8},"end":{"line":108,"column":15}},"42":{"start":{"line":110,"column":6},"end":{"line":116,"column":7}},"43":{"start":{"line":111,"column":21},"end":{"line":111,"column":63}},"44":{"start":{"line":112,"column":8},"end":{"line":112,"column":43}},"45":{"start":{"line":112,"column":21},"end":{"line":112,"column":43}},"46":{"start":{"line":114,"column":8},"end":{"line":114,"column":44}},"47":{"start":{"line":115,"column":8},"end":{"line":115,"column":41}},"48":{"start":{"line":115,"column":21},"end":{"line":115,"column":41}},"49":{"start":{"line":118,"column":4},"end":{"line":118,"column":17}},"50":{"start":{"line":119,"column":4},"end":{"line":121,"column":6}},"51":{"start":{"line":120,"column":6},"end":{"line":120,"column":22}},"52":{"start":{"line":124,"column":32},"end":{"line":159,"column":3}},"53":{"start":{"line":125,"column":20},"end":{"line":125,"column":82}},"54":{"start":{"line":126,"column":27},"end":{"line":126,"column":29}},"55":{"start":{"line":127,"column":4},"end":{"line":157,"column":5}},"56":{"start":{"line":128,"column":6},"end":{"line":156,"column":7}},"57":{"start":{"line":129,"column":23},"end":{"line":129,"column":60}},"58":{"start":{"line":129,"column":40},"end":{"line":129,"column":59}},"59":{"start":{"line":130,"column":8},"end":{"line":130,"column":30}},"60":{"start":{"line":130,"column":21},"end":{"line":130,"column":30}},"61":{"start":{"line":132,"column":29},"end":{"line":132,"column":33}},"62":{"start":{"line":133,"column":8},"end":{"line":147,"column":9}},"63":{"start":{"line":134,"column":10},"end":{"line":146,"column":11}},"64":{"start":{"line":135,"column":29},"end":{"line":141,"column":13}},"65":{"start":{"line":142,"column":30},"end":{"line":142,"column":52}},"66":{"start":{"line":143,"column":12},"end":{"line":143,"column":65}},"67":{"start":{"line":143,"column":36},"end":{"line":143,"column":65}},"68":{"start":{"line":145,"column":12},"end":{"line":145,"column":49}},"69":{"start":{"line":149,"column":8},"end":{"line":153,"column":11}},"70":{"start":{"line":155,"column":8},"end":{"line":155,"column":48}},"71":{"start":{"line":158,"column":4},"end":{"line":158,"column":19}},"72":{"start":{"line":161,"column":28},"end":{"line":164,"column":3}},"73":{"start":{"line":162,"column":10},"end":{"line":162,"column":74}},"74":{"start":{"line":162,"column":48},"end":{"line":162,"column":55}},"75":{"start":{"line":166,"column":29},"end":{"line":168,"column":22}},"76":{"start":{"line":167,"column":4},"end":{"line":168,"column":22}},"77":{"start":{"line":167,"column":45},"end":{"line":167,"column":62}},"78":{"start":{"line":167,"column":75},"end":{"line":167,"column":83}},"79":{"start":{"line":170,"column":33},"end":{"line":176,"column":3}},"80":{"start":{"line":172,"column":6},"end":{"line":174,"column":23}},"81":{"start":{"line":173,"column":40},"end":{"line":173,"column":71}},"82":{"start":{"line":178,"column":37},"end":{"line":185,"column":40}},"83":{"start":{"line":179,"column":4},"end":{"line":179,"column":49}},"84":{"start":{"line":179,"column":29},"end":{"line":179,"column":49}},"85":{"start":{"line":180,"column":4},"end":{"line":184,"column":6}},"86":{"start":{"line":182,"column":8},"end":{"line":183,"column":47}},"87":{"start":{"line":187,"column":26},"end":{"line":211,"column":4}},"88":{"start":{"line":188,"column":13},"end":{"line":188,"column":17}},"89":{"start":{"line":189,"column":4},"end":{"line":189,"column":89}},"90":{"start":{"line":189,"column":78},"end":{"line":189,"column":89}},"91":{"start":{"line":190,"column":4},"end":{"line":190,"column":92}},"92":{"start":{"line":190,"column":81},"end":{"line":190,"column":92}},"93":{"start":{"line":191,"column":4},"end":{"line":191,"column":66}},"94":{"start":{"line":191,"column":55},"end":{"line":191,"column":66}},"95":{"start":{"line":192,"column":4},"end":{"line":209,"column":5}},"96":{"start":{"line":193,"column":24},"end":{"line":193,"column":43}},"97":{"start":{"line":194,"column":20},"end":{"line":194,"column":30}},"98":{"start":{"line":195,"column":6},"end":{"line":195,"column":33}},"99":{"start":{"line":196,"column":6},"end":{"line":196,"column":96}},"100":{"start":{"line":196,"column":85},"end":{"line":196,"column":96}},"101":{"start":{"line":197,"column":6},"end":{"line":200,"column":7}},"102":{"start":{"line":198,"column":25},"end":{"line":198,"column":40}},"103":{"start":{"line":198,"column":42},"end":{"line":198,"column":80}},"104":{"start":{"line":199,"column":8},"end":{"line":199,"column":77}},"105":{"start":{"line":199,"column":66},"end":{"line":199,"column":77}},"106":{"start":{"line":201,"column":6},"end":{"line":204,"column":7}},"107":{"start":{"line":202,"column":20},"end":{"line":202,"column":38}},"108":{"start":{"line":203,"column":8},"end":{"line":203,"column":47}},"109":{"start":{"line":203,"column":36},"end":{"line":203,"column":47}},"110":{"start":{"line":205,"column":6},"end":{"line":208,"column":7}},"111":{"start":{"line":206,"column":21},"end":{"line":206,"column":36}},"112":{"start":{"line":206,"column":38},"end":{"line":206,"column":72}},"113":{"start":{"line":207,"column":8},"end":{"line":207,"column":62}},"114":{"start":{"line":207,"column":51},"end":{"line":207,"column":62}},"115":{"start":{"line":210,"column":4},"end":{"line":210,"column":14}},"116":{"start":{"line":213,"column":16},"end":{"line":213,"column":49}},"117":{"start":{"line":215,"column":2},"end":{"line":538,"column":4}},"118":{"start":{"line":246,"column":14},"end":{"line":258,"column":33}},"119":{"start":{"line":255,"column":33},"end":{"line":255,"column":78}},"120":{"start":{"line":255,"column":79},"end":{"line":255,"column":101}},"121":{"start":{"line":270,"column":18},"end":{"line":282,"column":37}},"122":{"start":{"line":279,"column":35},"end":{"line":279,"column":81}},"123":{"start":{"line":293,"column":12},"end":{"line":305,"column":31}},"124":{"start":{"line":302,"column":29},"end":{"line":302,"column":71}},"125":{"start":{"line":311,"column":29},"end":{"line":311,"column":31}},"126":{"start":{"line":312,"column":10},"end":{"line":318,"column":20}},"127":{"start":{"line":313,"column":12},"end":{"line":317,"column":13}},"128":{"start":{"line":314,"column":14},"end":{"line":316,"column":17}},"129":{"start":{"line":319,"column":10},"end":{"line":336,"column":12}},"130":{"start":{"line":326,"column":29},"end":{"line":326,"column":52}},"131":{"start":{"line":356,"column":35},"end":{"line":356,"column":62}},"132":{"start":{"line":361,"column":20},"end":{"line":373,"column":39}},"133":{"start":{"line":370,"column":37},"end":{"line":370,"column":95}},"134":{"start":{"line":385,"column":14},"end":{"line":433,"column":21}},"135":{"start":{"line":412,"column":35},"end":{"line":412,"column":92}},"136":{"start":{"line":426,"column":35},"end":{"line":426,"column":107}},"137":{"start":{"line":448,"column":33},"end":{"line":448,"column":77}},"138":{"start":{"line":449,"column":42},"end":{"line":456,"column":17}},"139":{"start":{"line":457,"column":49},"end":{"line":457,"column":68}},"140":{"start":{"line":468,"column":30},"end":{"line":468,"column":50}},"141":{"start":{"line":502,"column":22},"end":{"line":502,"column":43}},"142":{"start":{"line":503,"column":22},"end":{"line":503,"column":88}},"143":{"start":{"line":519,"column":22},"end":{"line":519,"column":43}},"144":{"start":{"line":520,"column":22},"end":{"line":520,"column":103}},"145":{"start":{"line":529,"column":49},"end":{"line":529,"column":69}},"146":{"start":{"line":541,"column":15},"end":{"line":558,"column":2}}},"fnMap":{"0":{"name":"HomeScreen","decl":{"start":{"line":43,"column":24},"end":{"line":43,"column":34}},"loc":{"start":{"line":43,"column":37},"end":{"line":539,"column":1}},"line":43},"1":{"name":"(anonymous_1)","decl":{"start":{"line":61,"column":20},"end":{"line":61,"column":21}},"loc":{"start":{"line":61,"column":32},"end":{"line":97,"column":3}},"line":61},"2":{"name":"(anonymous_2)","decl":{"start":{"line":70,"column":13},"end":{"line":70,"column":14}},"loc":{"start":{"line":70,"column":22},"end":{"line":78,"column":9}},"line":70},"3":{"name":"(anonymous_3)","decl":{"start":{"line":79,"column":16},"end":{"line":79,"column":17}},"loc":{"start":{"line":79,"column":27},"end":{"line":82,"column":9}},"line":79},"4":{"name":"(anonymous_4)","decl":{"start":{"line":87,"column":41},"end":{"line":87,"column":42}},"loc":{"start":{"line":87,"column":51},"end":{"line":90,"column":7}},"line":87},"5":{"name":"(anonymous_5)","decl":{"start":{"line":99,"column":12},"end":{"line":99,"column":13}},"loc":{"start":{"line":99,"column":18},"end":{"line":101,"column":3}},"line":99},"6":{"name":"(anonymous_6)","decl":{"start":{"line":103,"column":12},"end":{"line":103,"column":13}},"loc":{"start":{"line":103,"column":18},"end":{"line":122,"column":3}},"line":103},"7":{"name":"(anonymous_7)","decl":{"start":{"line":105,"column":23},"end":{"line":105,"column":24}},"loc":{"start":{"line":105,"column":35},"end":{"line":117,"column":5}},"line":105},"8":{"name":"(anonymous_8)","decl":{"start":{"line":119,"column":11},"end":{"line":119,"column":12}},"loc":{"start":{"line":119,"column":17},"end":{"line":121,"column":5}},"line":119},"9":{"name":"(anonymous_9)","decl":{"start":{"line":124,"column":32},"end":{"line":124,"column":33}},"loc":{"start":{"line":124,"column":54},"end":{"line":159,"column":3}},"line":124},"10":{"name":"(anonymous_10)","decl":{"start":{"line":129,"column":33},"end":{"line":129,"column":34}},"loc":{"start":{"line":129,"column":40},"end":{"line":129,"column":59}},"line":129},"11":{"name":"(anonymous_11)","decl":{"start":{"line":162,"column":4},"end":{"line":162,"column":5}},"loc":{"start":{"line":162,"column":10},"end":{"line":162,"column":74}},"line":162},"12":{"name":"(anonymous_12)","decl":{"start":{"line":162,"column":41},"end":{"line":162,"column":42}},"loc":{"start":{"line":162,"column":48},"end":{"line":162,"column":55}},"line":162},"13":{"name":"(anonymous_13)","decl":{"start":{"line":166,"column":29},"end":{"line":166,"column":30}},"loc":{"start":{"line":167,"column":4},"end":{"line":168,"column":22}},"line":167},"14":{"name":"(anonymous_14)","decl":{"start":{"line":167,"column":38},"end":{"line":167,"column":39}},"loc":{"start":{"line":167,"column":45},"end":{"line":167,"column":62}},"line":167},"15":{"name":"(anonymous_15)","decl":{"start":{"line":167,"column":68},"end":{"line":167,"column":69}},"loc":{"start":{"line":167,"column":75},"end":{"line":167,"column":83}},"line":167},"16":{"name":"(anonymous_16)","decl":{"start":{"line":171,"column":4},"end":{"line":171,"column":5}},"loc":{"start":{"line":172,"column":6},"end":{"line":174,"column":23}},"line":172},"17":{"name":"(anonymous_17)","decl":{"start":{"line":173,"column":33},"end":{"line":173,"column":34}},"loc":{"start":{"line":173,"column":40},"end":{"line":173,"column":71}},"line":173},"18":{"name":"(anonymous_18)","decl":{"start":{"line":178,"column":45},"end":{"line":178,"column":46}},"loc":{"start":{"line":178,"column":51},"end":{"line":185,"column":3}},"line":178},"19":{"name":"(anonymous_19)","decl":{"start":{"line":181,"column":6},"end":{"line":181,"column":7}},"loc":{"start":{"line":182,"column":8},"end":{"line":183,"column":47}},"line":182},"20":{"name":"(anonymous_20)","decl":{"start":{"line":187,"column":41},"end":{"line":187,"column":42}},"loc":{"start":{"line":187,"column":52},"end":{"line":211,"column":3}},"line":187},"21":{"name":"(anonymous_21)","decl":{"start":{"line":245,"column":35},"end":{"line":245,"column":36}},"loc":{"start":{"line":246,"column":14},"end":{"line":258,"column":33}},"line":246},"22":{"name":"(anonymous_22)","decl":{"start":{"line":255,"column":25},"end":{"line":255,"column":26}},"loc":{"start":{"line":255,"column":31},"end":{"line":255,"column":103}},"line":255},"23":{"name":"(anonymous_23)","decl":{"start":{"line":269,"column":53},"end":{"line":269,"column":54}},"loc":{"start":{"line":270,"column":18},"end":{"line":282,"column":37}},"line":270},"24":{"name":"(anonymous_24)","decl":{"start":{"line":279,"column":29},"end":{"line":279,"column":30}},"loc":{"start":{"line":279,"column":35},"end":{"line":279,"column":81}},"line":279},"25":{"name":"(anonymous_25)","decl":{"start":{"line":292,"column":21},"end":{"line":292,"column":22}},"loc":{"start":{"line":293,"column":12},"end":{"line":305,"column":31}},"line":293},"26":{"name":"(anonymous_26)","decl":{"start":{"line":302,"column":23},"end":{"line":302,"column":24}},"loc":{"start":{"line":302,"column":29},"end":{"line":302,"column":71}},"line":302},"27":{"name":"(anonymous_27)","decl":{"start":{"line":310,"column":29},"end":{"line":310,"column":30}},"loc":{"start":{"line":310,"column":40},"end":{"line":337,"column":9}},"line":310},"28":{"name":"(anonymous_28)","decl":{"start":{"line":326,"column":23},"end":{"line":326,"column":24}},"loc":{"start":{"line":326,"column":29},"end":{"line":326,"column":52}},"line":326},"29":{"name":"(anonymous_29)","decl":{"start":{"line":356,"column":29},"end":{"line":356,"column":30}},"loc":{"start":{"line":356,"column":35},"end":{"line":356,"column":62}},"line":356},"30":{"name":"(anonymous_30)","decl":{"start":{"line":360,"column":46},"end":{"line":360,"column":47}},"loc":{"start":{"line":361,"column":20},"end":{"line":373,"column":39}},"line":361},"31":{"name":"(anonymous_31)","decl":{"start":{"line":370,"column":31},"end":{"line":370,"column":32}},"loc":{"start":{"line":370,"column":37},"end":{"line":370,"column":95}},"line":370},"32":{"name":"(anonymous_32)","decl":{"start":{"line":384,"column":44},"end":{"line":384,"column":45}},"loc":{"start":{"line":385,"column":14},"end":{"line":433,"column":21}},"line":385},"33":{"name":"(anonymous_33)","decl":{"start":{"line":412,"column":29},"end":{"line":412,"column":30}},"loc":{"start":{"line":412,"column":35},"end":{"line":412,"column":92}},"line":412},"34":{"name":"(anonymous_34)","decl":{"start":{"line":426,"column":29},"end":{"line":426,"column":30}},"loc":{"start":{"line":426,"column":35},"end":{"line":426,"column":107}},"line":426},"35":{"name":"(anonymous_35)","decl":{"start":{"line":448,"column":24},"end":{"line":448,"column":25}},"loc":{"start":{"line":448,"column":33},"end":{"line":448,"column":77}},"line":448},"36":{"name":"(anonymous_36)","decl":{"start":{"line":449,"column":21},"end":{"line":449,"column":22}},"loc":{"start":{"line":449,"column":42},"end":{"line":456,"column":17}},"line":449},"37":{"name":"(anonymous_37)","decl":{"start":{"line":457,"column":29},"end":{"line":457,"column":30}},"loc":{"start":{"line":457,"column":49},"end":{"line":457,"column":68}},"line":457},"38":{"name":"(anonymous_38)","decl":{"start":{"line":468,"column":24},"end":{"line":468,"column":25}},"loc":{"start":{"line":468,"column":30},"end":{"line":468,"column":50}},"line":468},"39":{"name":"(anonymous_39)","decl":{"start":{"line":501,"column":29},"end":{"line":501,"column":30}},
[...]
,"/Users/tonyescamilla/seatly/components/ParallaxScrollView.tsx": {"path":"/Users/tonyescamilla/seatly/components/ParallaxScrollView.tsx","statementMap":{"0":{"start":{"line":19,"column":17},"end":{"line":19,"column":36}},"1":{"start":{"line":20,"column":22},"end":{"line":20,"column":49}},"2":{"start":{"line":21,"column":26},"end":{"line":21,"column":72}},"3":{"start":{"line":23,"column":2},"end":{"line":34,"column":4}},"4":{"start":{"line":37,"column":15},"end":{"line":46,"column":2}}},"fnMap":{"0":{"name":"ParallaxScrollView","decl":{"start":{"line":14,"column":24},"end":{"line":14,"column":42}},"loc":{"start":{"line":18,"column":10},"end":{"line":35,"column":1}},"line":18}},"branchMap":{"0":{"loc":{"start":{"line":20,"column":22},"end":{"line":20,"column":49}},"type":"binary-expr","locations":[{"start":{"line":20,"column":22},"end":{"line":20,"column":38}},{"start":{"line":20,"column":42},"end":{"line":20,"column":49}}],"line":20},"1":{"loc":{"start":{"line":21,"column":26},"end":{"line":21,"column":72}},"type":"binary-expr","locations":[{"start":{"line":21,"column":26},"end":{"line":21,"column":62}},{"start":{"line":21,"column":66},"end":{"line":21,"column":72}}],"line":21},"2":{"loc":{"start":{"line":31,"column":7},"end":{"line":31,"column":70}},"type":"binary-expr","locations":[{"start":{"line":31,"column":7},"end":{"line":31,"column":18}},{"start":{"line":31,"column":22},"end":{"line":31,"column":70}}],"line":31}},"s":{"0":0,"1":0,"2":0,"3":0,"4":0},"f":{"0":0},"b":{"0":[0,0],"1":[0,0],"2":[0,0]}}
,"/Users/tonyescamilla/seatly/components/ui/IconSymbol.ios.tsx": {"path":"/Users/tonyescamilla/seatly/components/ui/IconSymbol.ios.tsx","statementMap":{"0":{"start":{"line":17,"column":2},"end":{"line":31,"column":4}}},"fnMap":{"0":{"name":"IconSymbol","decl":{"start":{"line":4,"column":16},"end":{"line":4,"column":26}},"loc":{"start":{"line":16,"column":3},"end":{"line":32,"column":1}},"line":16}},"branchMap":{"0":{"loc":{"start":{"line":6,"column":2},"end":{"line":6,"column":11}},"type":"default-arg","locations":[{"start":{"line":6,"column":9},"end":{"line":6,"column":11}}],"line":6},"1":{"loc":{"start":{"line":9,"column":2},"end":{"line":9,"column":20}},"type":"default-arg","locations":[{"start":{"line":9,"column":11},"end":{"line":9,"column":20}}],"line":9}},"s":{"0":0},"f":{"0":0},"b":{"0":[0],"1":[0]}}
,"/Users/tonyescamilla/seatly/components/ui/IconSymbol.tsx": {"path":"/Users/tonyescamilla/seatly/components/ui/IconSymbol.tsx","statementMap":{"0":{"start":{"line":16,"column":16},"end":{"line":23,"column":16}},"1":{"start":{"line":42,"column":2},"end":{"line":42,"column":88}}},"fnMap":{"0":{"name":"IconSymbol","decl":{"start":{"line":30,"column":16},"end":{"line":30,"column":26}},"loc":{"start":{"line":41,"column":3},"end":{"line":43,"column":1}},"line":41}},"branchMap":{"0":{"loc":{"start":{"line":32,"column":2},"end":{"line":32,"column":11}},"type":"default-arg","locations":[{"start":{"line":32,"column":9},"end":{"line":32,"column":11}}],"line":32}},"s":{"0":0,"1":0},"f":{"0":0},"b":{"0":[0]}}
,"/Users/tonyescamilla/seatly/components/ui/TabBarBackground.ios.tsx": {"path":"/Users/tonyescamilla/seatly/components/ui/TabBarBackground.ios.tsx","statementMap":{"0":{"start":{"line":6,"column":2},"end":{"line":14,"column":4}},"1":{"start":{"line":18,"column":2},"end":{"line":18,"column":33}}},"fnMap":{"0":{"name":"BlurTabBarBackground","decl":{"start":{"line":5,"column":24},"end":{"line":5,"column":44}},"loc":{"start":{"line":5,"column":47},"end":{"line":15,"column":1}},"line":5},"1":{"name":"useBottomTabOverflow","decl":{"start":{"line":17,"column":16},"end":{"line":17,"column":36}},"loc":{"start":{"line":17,"column":39},"end":{"line":19,"column":1}},"line":17}},"branchMap":{},"s":{"0":0,"1":0},"f":{"0":0,"1":0},"b":{}}
,"/Users/tonyescamilla/seatly/components/ui/TabBarBackground.tsx": {"path":"/Users/tonyescamilla/seatly/components/ui/TabBarBackground.tsx","statementMap":{"0":{"start":{"line":5,"column":2},"end":{"line":5,"column":11}}},"fnMap":{"0":{"name":"useBottomTabOverflow","decl":{"start":{"line":4,"column":16},"end":{"line":4,"column":36}},"loc":{"start":{"line":4,"column":39},"end":{"line":6,"column":1}},"line":4}},"branchMap":{},"s":{"0":0},"f":{"0":0},"b":{}}
,"/Users/tonyescamilla/seatly/components/ui/ThemedButton.tsx": {"path":"/Users/tonyescamilla/seatly/components/ui/ThemedButton.tsx","statementMap":{"0":{"start":{"line":13,"column":26},"end":{"line":13,"column":53}},"1":{"start":{"line":14,"column":20},"end":{"line":14,"column":51}},"2":{"start":{"line":16,"column":2},"end":{"line":31,"column":4}},"3":{"start":{"line":34,"column":15},"end":{"line":45,"column":2}}},"fnMap":{"0":{"name":"ThemedButton","decl":{"start":{"line":12,"column":16},"end":{"line":12,"column":28}},"loc":{"start":{"line":12,"column":66},"end":{"line":32,"column":1}},"line":12}},"branchMap":{"0":{"loc":{"start":{"line":20,"column":11},"end":{"line":20,"column":60}},"type":"cond-expr","locations":[{"start":{"line":20,"column":35},"end":{"line":20,"column":55}},{"start":{"line":20,"column":58},"end":{"line":20,"column":60}}],"line":20},"1":{"loc":{"start":{"line":25,"column":8},"end":{"line":25,"column":58}},"type":"cond-expr","locations":[{"start":{"line":25,"column":32},"end":{"line":25,"column":53}},{"start":{"line":25,"column":56},"end":{"line":25,"column":58}}],"line":25}},"s":{"0":0,"1":0,"2":0,"3":0},"f":{"0":0},"b":{"0":[0,0],"1":[0,0]}}
,"/Users/tonyescamilla/seatly/components/ui/ThemedInput.tsx": {"path":"/Users/tonyescamilla/seatly/components/ui/ThemedInput.tsx","statementMap":{"0":{"start":{"line":5,"column":26},"end":{"line":5,"column":62}},"1":{"start":{"line":6,"column":20},"end":{"line":6,"column":45}},"2":{"start":{"line":8,"column":2},"end":{"line":21,"column":4}},"3":{"start":{"line":24,"column":15},"end":{"line":30,"column":2}}},"fnMap":{"0":{"name":"ThemedInput","decl":{"start":{"line":4,"column":16},"end":{"line":4,"column":27}},"loc":{"start":{"line":4,"column":51},"end":{"line":22,"column":1}},"line":4}},"branchMap":{"0":{"loc":{"start":{"line":15,"column":8},"end":{"line":17,"column":48}},"type":"cond-expr","locations":[{"start":{"line":16,"column":12},"end":{"line":16,"column":69}},{"start":{"line":17,"column":12},"end":{"line":17,"column":48}}],"line":15}},"s":{"0":0,"1":0,"2":0,"3":0},"f":{"0":0},"b":{"0":[0,0]}}
,"/Users/tonyescamilla/seatly/components/ui/ThemedText.tsx": {"path":"/Users/tonyescamilla/seatly/components/ui/ThemedText.tsx","statementMap":{"0":{"start":{"line":13,"column":53},"end":{"line":41,"column":1}},"1":{"start":{"line":50,"column":16},"end":{"line":50,"column":77}},"2":{"start":{"line":51,"column":23},"end":{"line":51,"column":65}},"3":{"start":{"line":53,"column":2},"end":{"line":55,"column":4}}},"fnMap":{"0":{"name":"ThemedText","decl":{"start":{"line":43,"column":16},"end":{"line":43,"column":26}},"loc":{"start":{"line":49,"column":20},"end":{"line":56,"column":1}},"line":49}},"branchMap":{"0":{"loc":{"start":{"line":47,"column":2},"end":{"line":47,"column":18}},"type":"default-arg","locations":[{"start":{"line":47,"column":9},"end":{"line":47,"column":18}}],"line":47},"1":{"loc":{"start":{"line":51,"column":23},"end":{"line":51,"column":65}},"type":"binary-expr","locations":[{"start":{"line":51,"column":23},"end":{"line":51,"column":41}},{"start":{"line":51,"column":45},"end":{"line":51,"column":65}}],"line":51}},"s":{"0":0,"1":0,"2":0,"3":0},"f":{"0":0},"b":{"0":[0],"1":[0,0]}}
,"/Users/tonyescamilla/seatly/components/ui/ThemedView.tsx": {"path":"/Users/tonyescamilla/seatly/components/ui/ThemedView.tsx","statementMap":{"0":{"start":{"line":11,"column":26},"end":{"line":11,"column":93}},"1":{"start":{"line":13,"column":2},"end":{"line":13,"column":71}}},"fnMap":{"0":{"name":"ThemedView","decl":{"start":{"line":10,"column":16},"end":{"line":10,"column":26}},"loc":{"start":{"line":10,"column":93},"end":{"line":14,"column":1}},"line":10}},"branchMap":{},"s":{"0":0,"1":0},"f":{"0":0},"b":{}}
,"/Users/tonyescamilla/seatly/hooks/useColorScheme.ts": {"path":"/Users/tonyescamilla/seatly/hooks/useColorScheme.ts","statementMap":{"0":{"start":{"line":4,"column":2},"end":{"line":4,"column":27}}},"fnMap":{"0":{"name":"useColorScheme","decl":{"start":{"line":3,"column":16},"end":{"line":3,"column":30}},"loc":{"start":{"line":3,"column":33},"end":{"line":5,"column":1}},"line":3}},"branchMap":{},"s":{"0":0},"f":{"0":0},"b":{}}
,"/Users/tonyescamilla/seatly/hooks/useColorScheme.web.ts": {"path":"/Users/tonyescamilla/seatly/hooks/useColorScheme.web.ts","statementMap":{"0":{"start":{"line":8,"column":40},"end":{"line":8,"column":55}},"1":{"start":{"line":10,"column":2},"end":{"line":12,"column":9}},"2":{"start":{"line":11,"column":4},"end":{"line":11,"column":25}},"3":{"start":{"line":14,"column":22},"end":{"line":14,"column":40}},"4":{"start":{"line":16,"column":2},"end":{"line":18,"column":3}},"5":{"start":{"line":17,"column":4},"end":{"line":17,"column":23}},"6":{"start":{"line":20,"column":2},"end":{"line":20,"column":17}}},"fnMap":{"0":{"name":"useColorScheme","decl":{"start":{"line":7,"column":16},"end":{"line":7,"column":30}},"loc":{"start":{"line":7,"column":33},"end":{"line":21,"column":1}},"line":7},"1":{"name":"(anonymous_1)","decl":{"start":{"line":10,"column":12},"end":{"line":10,"column":13}},"loc":{"start":{"line":10,"column":18},"end":{"line":12,"column":3}},"line":10}},"branchMap":{"0":{"loc":{"start":{"line":16,"column":2},"end":{"line":18,"column":3}},"type":"if","locations":[{"start":{"line":16,"column":2},"end":{"line":18,"column":3}},{"start":{},"end":{}}],"line":16}},"s":{"0":0,"1":0,"2":0,"3":0,"4":0,"5":0,"6":0},"f":{"0":0,"1":0},"b":{"0":[0,0]}}
,"/Users/tonyescamilla/seatly/hooks/useMercadoPago.ts": {"path":"/Users/tonyescamilla/seatly/hooks/useMercadoPago.ts","statementMap":{"0":{"start":{"line":2,"column":27},"end":{"line":2,"column":56}},"1":{"start":{"line":4,"column":30},"end":{"line":56,"column":1}},"2":{"start":{"line":5,"column":27},"end":{"line":53,"column":3}},"3":{"start":{"line":22,"column":4},"end":{"line":52,"column":5}},"4":{"start":{"line":23,"column":18},"end":{"line":35,"column":8}},"5":{"start":{"line":37,"column":19},"end":{"line":37,"column":53}},"6":{"start":{"line":37,"column":49},"end":{"line":37,"column":51}},"7":{"start":{"line":39,"column":6},"end":{"line":42,"column":7}},"8":{"start":{"line":40,"column":8},"end":{"line":40,"column":73}},"9":{"start":{"line":41,"column":8},"end":{"line":41,"column":69}},"10":{"start":{"line":43,"column":6},"end":{"line":46,"column":7}},"11":{"start":{"line":44,"column":8},"end":{"line":44,"column":65}},"12":{"start":{"line":45,"column":8},"end":{"line":45,"column":70}},"13":{"start":{"line":48,"column":6},"end":{"line":48,"column":39}},"14":{"start":{"line":50,"column":6},"end":{"line":50,"column":57}},"15":{"start":{"line":51,"column":6},"end":{"line":51,"column":16}},"16":{"start":{"line":55,"column":2},"end":{"line":55,"column":30}}},"fnMap":{"0":{"name":"(anonymous_0)","decl":{"start":{"line":4,"column":30},"end":{"line":4,"column":31}},"loc":{"start":{"line":4,"column":36},"end":{"line":56,"column":1}},"line":4},"1":{"name":"(anonymous_1)","decl":{"start":{"line":5,"column":27},"end":{"line":5,"column":28}},"loc":{"start":{"line":21,"column":8},"end":{"line":53,"column":3}},"line":21},"2":{"name":"(anonymous_2)","decl":{"start":{"line":37,"column":42},"end":{"line":37,"column":43}},"loc":{"start":{"line":37,"column":49},"end":{"line":37,"column":51}},"line":37}},"branchMap":{"0":{"loc":{"start":{"line":39,"column":6},"end":{"line":42,"column":7}},"type":"if","locations":[{"start":{"line":39,"column":6},"end":{"line":42,"column":7}},{"start":{},"end":{}}],"line":39},"1":{"loc":{"start":{"line":41,"column":24},"end":{"line":41,"column":67}},"type":"binary-expr","locations":[{"start":{"line":41,"column":24},"end":{"line":41,"column":35}},{"start":{"line":41,"column":39},"end":{"line":41,"column":67}}],"line":41},"2":{"loc":{"start":{"line":43,"column":6},"end":{"line":46,"column":7}},"type":"if","locations":[{"start":{"line":43,"column":6},"end":{"line":46,"column":7}},{"start":{},"end":{}}],"line":43}},"s":{"0":1,"1":1,"2":6,"3":6,"4":6,"5":5,"6":1,"7":5,"8":1,"9":1,"10":4,"11":2,"12":2,"13":2,"14":4,"15":4,"16":6},"f":{"0":6,"1":6,"2":1},"b":{"0":[1,4],"1":[1,0],"2":[2,2]},"_coverageSchema":"1a1c01bbd47fc00a2c39e90264f33305004495a9","hash":"c490c53fe3bc6e5e95e4253418bd7f6999c6ea1d"}
,"/Users/tonyescamilla/seatly/hooks/useNotifications.ts": {"path":"/Users/tonyescamilla/seatly/hooks/useNotifications.ts","statementMap":{"0":{"start":{"line":10,"column":0},"end":{"line":18,"column":3}},"1":{"start":{"line":12,"column":4},"end":{"line":16,"column":44}},"2":{"start":{"line":23,"column":2},"end":{"line":64,"column":3}},"3":{"start":{"line":24,"column":4},"end":{"line":50,"column":5}},"4":{"start":{"line":25,"column":6},"end":{"line":25,"column":53}},"5":{"start":{"line":27,"column":41},"end":{"line":27,"column":82}},"6":{"start":{"line":28,"column":6},"end":{"line":28,"column":70}},"7":{"start":{"line":30,"column":24},"end":{"line":30,"column":38}},"8":{"start":{"line":32,"column":6},"end":{"line":36,"column":7}},"9":{"start":{"line":33,"column":27},"end":{"line":33,"column":72}},"10":{"start":{"line":34,"column":8},"end":{"line":34,"column":29}},"11":{"start":{"line":35,"column":8},"end":{"line":35,"column":65}},"12":{"start":{"line":38,"column":6},"end":{"line":42,"column":7}},"13":{"start":{"line":39,"column":8},"end":{"line":39,"column":70}},"14":{"start":{"line":40,"column":8},"end":{"line":40,"column":61}},"15":{"start":{"line":41,"column":8},"end":{"line":41,"column":15}},"16":{"start":{"line":45,"column":6},"end":{"line":45,"column":65}},"17":{"start":{"line":46,"column":6},"end":{"line":46,"column":56}},"18":{"start":{"line":48,"column":6},"end":{"line":48,"column":80}},"19":{"start":{"line":49,"column":6},"end":{"line":49,"column":66}},"20":{"start":{"line":53,"column":4},"end":{"line":61,"column":5}},"21":{"start":{"line":54,"column":6},"end":{"line":59,"column":9}},"22":{"start":{"line":60,"column":6},"end":{"line":60,"column":68}},"23":{"start":{"line":63,"column":4},"end":{"line":63,"column":62}},"24":{"start":{"line":66,"column":2},"end":{"line":66,"column":15}},"25":{"start":{"line":71,"column":15},"end":{"line":71,"column":24}},"26":{"start":{"line":73,"column":2},"end":{"line":99,"column":9}},"27":{"start":{"line":74,"column":24},"end":{"line":97,"column":6}},"28":{"start":{"line":75,"column":6},"end":{"line":75,"column":67}},"29":{"start":{"line":77,"column":6},"end":{"line":96,"column":7}},"30":{"start":{"line":78,"column":8},"end":{"line":95,"column":9}},"31":{"start":{"line":79,"column":24},"end":{"line":79,"column":65}},"32":{"start":{"line":80,"column":10},"end":{"line":80,"column":59}},"33":{"start":{"line":82,"column":10},"end":{"line":92,"column":11}},"34":{"start":{"line":84,"column":12},"end":{"line":88,"column":14}},"35":{"start":{"line":89,"column":12},"end":{"line":89,"column":81}},"36":{"start":{"line":91,"column":12},"end":{"line":91,"column":76}},"37":{"start":{"line":94,"column":10},"end":{"line":94,"column":70}},"38":{"start":{"line":98,"column":4},"end":{"line":98,"column":23}}},"fnMap":{"0":{"name":"(anonymous_0)","decl":{"start":{"line":11,"column":22},"end":{"line":11,"column":23}},"loc":{"start":{"line":11,"column":34},"end":{"line":17,"column":3}},"line":11},"1":{"name":"registerForPushNotificationsAsync","decl":{"start":{"line":20,"column":22},"end":{"line":20,"column":55}},"loc":{"start":{"line":20,"column":87},"end":{"line":67,"column":1}},"line":20},"2":{"name":"useRegisterPushToken","decl":{"start":{"line":70,"column":16},"end":{"line":70,"column":36}},"loc":{"start":{"line":70,"column":39},"end":{"line":100,"column":1}},"line":70},"3":{"name":"(anonymous_3)","decl":{"start":{"line":73,"column":18},"end":{"line":73,"column":19}},"loc":{"start":{"line":73,"column":24},"end":{"line":99,"column":3}},"line":73},"4":{"name":"(anonymous_4)","decl":{"start":{"line":74,"column":49},"end":{"line":74,"column":50}},"loc":{"start":{"line":74,"column":65},"end":{"line":97,"column":5}},"line":74}},"branchMap":{"0":{"loc":{"start":{"line":24,"column":4},"end":{"line":50,"column":5}},"type":"if","locations":[{"start":{"line":24,"column":4},"end":{"line":50,"column":5}},{"start":{"line":47,"column":11},"end":{"line":50,"column":5}}],"line":24},"1":{"loc":{"start":{"line":32,"column":6},"end":{"line":36,"column":7}},"type":"if","locations":[{"start":{"line":32,"column":6},"end":{"line":36,"column":7}},{"start":{},"end":{}}],"line":32},"2":{"loc":{"start":{"line":38,"column":6},"end":{"line":42,"column":7}},"type":"if","locations":[{"start":{"line":38,"column":6},"end":{"line":42,"column":7}},{"start":{},"end":{}}],"line":38},"3":{"loc":{"start":{"line":53,"column":4},"end":{"line":61,"column":5}},"type":"if","locations":[{"start":{"line":53,"column":4},"end":{"line":61,"column":5}},{"start":{},"end":{}}],"line":53},"4":{"loc":{"start":{"line":77,"column":6},"end":{"line":96,"column":7}},"type":"if","locations":[{"start":{"line":77,"column":6},"end":{"line":96,"column":7}},{"start":{},"end":{}}],"line":77},"5":{"loc":{"start":{"line":82,"column":10},"end":{"line":92,"column":11}},"type":"if","locations":[{"start":{"line":82,"column":10},"end":{"line":92,"column":11}},{"start":{"line":90,"column":17},"end":{"line":92,"column":11}}],"line":82}},"s":{"0":0,"1":0,"2":0,"3":0,"4":0,"5":0,"6":0,"7":0,"8":0,"9":0,"10":0,"11":0,"12":0,"13":0,"14":0,"15":0,"16":0,"17":0,"18":0,"19":0,"20":0,"21":0,"22":0,"23":0,"24":0,"25":0,"26":0,"27":0,"28":0,"29":0,"30":0,"31":0,"32":0,"33":0,"34":0,"35":0,"36":0,"37":0,"38":0},"f":{"0":0,"1":0,"2":0,"3":0,"4":0},"b":{"0":[0,0],"1":[0,0],"2":[0,0],"3":[0,0],"4":[0,0],"5":[0,0]}}
,"/Users/tonyescamilla/seatly/hooks/useThemeColor.ts": {"path":"/Users/tonyescamilla/seatly/hooks/useThemeColor.ts","statementMap":{"0":{"start":{"line":8,"column":16},"end":{"line":8,"column":43}},"1":{"start":{"line":9,"column":25},"end":{"line":9,"column":37}},"2":{"start":{"line":11,"column":2},"end":{"line":13,"column":3}},"3":{"start":{"line":12,"column":4},"end":{"line":12,"column":26}},"4":{"start":{"line":15,"column":22},"end":{"line":15,"column":35}},"5":{"start":{"line":17,"column":2},"end":{"line":20,"column":3}},"6":{"start":{"line":18,"column":4},"end":{"line":18,"column":80}},"7":{"start":{"line":19,"column":4},"end":{"line":19,"column":18}},"8":{"start":{"line":22,"column":2},"end":{"line":22,"column":32}}},"fnMap":{"0":{"name":"useThemeColor","decl":{"start":{"line":4,"column":16},"end":{"line":4,"column":29}},"loc":{"start":{"line":7,"column":2},"end":{"line":23,"column":1}},"line":7}},"branchMap":{"0":{"loc":{"start":{"line":8,"column":16},"end":{"line":8,"column":43}},"type":"binary-expr","locations":[{"start":{"line":8,"column":16},"end":{"line":8,"column":32}},{"start":{"line":8,"column":36},"end":{"line":8,"column":43}}],"line":8},"1":{"loc":{"start":{"line":11,"column":2},"end":{"line":13,"column":3}},"type":"if","locations":[{"start":{"line":11,"column":2},"end":{"line":13,"column":3}},{"start":{},"end":{}}],"line":11},"2":{"loc":{"start":{"line":17,"column":2},"end":{"line":20,"column":3}},"type":"if","locations":[{"start":{"line":17,"column":2},"end":{"line":20,"column":3}},{"start":{},"end":{}}],"line":17},"3":{"loc":{"start":{"line":17,"column":6},"end":{"line":17,"column":49}},"type":"binary-expr","locations":[{"start":{"line":17,"column":6},"end":{"line":17,"column":18}},{"start":{"line":17,"column":22},"end":{"line":17,"column":49}}],"line":17}},"s":{"0":0,"1":0,"2":0,"3":0,"4":0,"5":0,"6":0,"7":0,"8":0},"f":{"0":0},"b":{"0":[0,0],"1":[0,0],"2":[0,0],"3":[0,0]}}
}
